============================================================
Time  2023/11/03 11:50:52 289 
============================================================
[2023/11/03 11:50:52 289] lgi        684  SYS_MSG_LOAD  
[2023/11/03 11:50:52 289] lgi        706  SYS_MSG_REGCB  msp_status_cb  func(5e062db0) 
[2023/11/03 11:50:52 289] lgi        298  LGI_MSG_INIT  
[2023/11/03 11:50:52 289] lgi        305  lgi  lgi_  268436457  1552357598  
[2023/11/03 11:50:52 289] lgi        347  work_dir  .  
[2023/11/03 11:50:52 289] lgi        403  token:  nil  
[2023/11/03 11:50:52 289] lgi        476  msc cver : 5.0.42.1226  
[2023/11/03 11:50:52 289] lgi        519  ns_enable=  1  
[2023/11/03 11:50:52 289] lgi        531  prot_ver=1  
[2023/11/03 11:50:52 289] lgi        542  prot_type=tcp  
[2023/11/03 11:50:52 289] lgi        693  SYS_MSG_UNLOAD  go bg!  
[2023/11/03 11:51:26 203] lgi        697  SYS_MSG_SHUTDOWN  
============================================================
Time  2023/11/03 11:51:34 282 
============================================================
[2023/11/03 11:51:34 282] lgi        684  SYS_MSG_LOAD  
[2023/11/03 11:51:34 282] lgi        706  SYS_MSG_REGCB  msp_status_cb  func(1cce2f10) 
[2023/11/03 11:51:34 296] lgi        298  LGI_MSG_INIT  
[2023/11/03 11:51:34 296] lgi        305  lgi  lgi_  268436457  1552357598  
[2023/11/03 11:51:34 296] lgi        347  work_dir  .  
[2023/11/03 11:51:34 296] lgi        403  token:  nil  
[2023/11/03 11:51:34 296] lgi        476  msc cver : 5.0.42.1226  
[2023/11/03 11:51:34 296] lgi        519  ns_enable=  1  
[2023/11/03 11:51:34 296] lgi        531  prot_ver=1  
[2023/11/03 11:51:34 296] lgi        542  prot_type=tcp  
[2023/11/03 11:51:34 296] lgi        693  SYS_MSG_UNLOAD  go bg!  
============================================================
Time  2023/11/03 12:04:13 690 
============================================================
[2023/11/03 12:04:13 690] lgi        684  SYS_MSG_LOAD  
[2023/11/03 12:04:13 706] lgi        706  SYS_MSG_REGCB  msp_status_cb  func(a0632c60) 
[2023/11/03 12:04:13 706] lgi        298  LGI_MSG_INIT  
[2023/11/03 12:04:13 706] lgi        305  lgi  lgi_  268436457  1552357598  
[2023/11/03 12:04:13 706] lgi        347  work_dir  .  
[2023/11/03 12:04:13 706] lgi        403  token:  nil  
[2023/11/03 12:04:13 706] lgi        476  msc cver : 5.0.42.1226  
[2023/11/03 12:04:13 706] lgi        519  ns_enable=  1  
[2023/11/03 12:04:13 706] lgi        531  prot_ver=1  
[2023/11/03 12:04:13 706] lgi        542  prot_type=tcp  
[2023/11/03 12:04:13 706] lgi        693  SYS_MSG_UNLOAD  go bg!  
