============================================================
Time  2023/10/18 23:57:41 573 
============================================================
[2023/10/18 23:57:41 573] isr        1659 isr loaded!  
[2023/10/18 23:57:41 581] isr        1642 SYS_MSG_REGCB param0 =   msp_status_cb  param1 =   func(3da61ec0) 
[2023/10/18 23:57:41 581] isr        1537 ASR_MSG_SSB  
[2023/10/18 23:57:41 581] isr        1066 session_begin() [in], params:   sub = iat, domain = iat, language = zh_cn, accent = mandarin, sample_rate = 16000, result_type = plain, result_encoding = gb2312  nil  
[2023/10/18 23:57:41 581] isr        927  vad_set [in]  
[2023/10/18 23:57:41 588] isr        962  vad_enable :  true  
[2023/10/18 23:57:41 588] isr        980  vad_bos :  10000  
[2023/10/18 23:57:41 592] isr        981  vad_eos :  2000  
[2023/10/18 23:57:41 594] isr        886  enable_vad [in]  
[2023/10/18 23:57:41 605] isr        918  vad enabled!  2000  10000  
[2023/10/18 23:57:41 605] isr        921  enable_vad [out]  
[2023/10/18 23:57:41 605] isr        987  vad_set [out] | ret =  0  
[2023/10/18 23:57:41 605] isr        1187 cur_engine_type =   cloud  
[2023/10/18 23:57:41 605] isr        1001 cloud_session_begin  
[2023/10/18 23:57:41 605] isr        1013 unknown  
[2023/10/18 23:57:41 628] isr        1547 ASR_MSG_AUW,   cloud  
[2023/10/18 23:57:41 628] isr        1559 6400  1  
[2023/10/18 23:57:41 628] isr        1569 once_bytes:   6400  
[2023/10/18 23:57:41 642] isr        851  [aud] speech start  
[2023/10/18 23:57:41 642] isr        798  1  msc  
[2023/10/18 23:57:41 951] isr        1547 ASR_MSG_AUW,   cloud  
[2023/10/18 23:57:41 951] isr        1559 6400  2  
[2023/10/18 23:57:42 278] isr        1547 ASR_MSG_AUW,   cloud  
[2023/10/18 23:57:42 278] isr        1559 6400  2  
[2023/10/18 23:57:42 493] isr        1547 ASR_MSG_AUW,   cloud  
[2023/10/18 23:57:42 493] isr        1559 6400  2  
[2023/10/18 23:57:42 709] isr        1547 ASR_MSG_AUW,   cloud  
[2023/10/18 23:57:42 709] isr        1559 6400  2  
[2023/10/18 23:57:42 934] isr        1547 ASR_MSG_AUW,   cloud  
[2023/10/18 23:57:42 934] isr        1559 6400  2  
[2023/10/18 23:57:43 141] isr        1547 ASR_MSG_AUW,   cloud  
[2023/10/18 23:57:43 141] isr        1559 6400  2  
[2023/10/18 23:57:43 351] isr        1547 ASR_MSG_AUW,   cloud  
[2023/10/18 23:57:43 351] isr        1559 6400  2  
[2023/10/18 23:57:43 561] isr        1547 ASR_MSG_AUW,   cloud  
[2023/10/18 23:57:43 561] isr        1559 6400  2  
[2023/10/18 23:57:43 782] isr        1547 ASR_MSG_AUW,   cloud  
[2023/10/18 23:57:43 782] isr        1559 6400  2  
[2023/10/18 23:57:43 984] isr        1547 ASR_MSG_AUW,   cloud  
[2023/10/18 23:57:43 984] isr        1559 6400  2  
[2023/10/18 23:57:44 191] isr        1547 ASR_MSG_AUW,   cloud  
[2023/10/18 23:57:44 191] isr        1559 6400  2  
[2023/10/18 23:57:44 405] isr        1547 ASR_MSG_AUW,   cloud  
[2023/10/18 23:57:44 405] isr        1559 6400  2  
[2023/10/18 23:57:44 609] isr        1547 ASR_MSG_AUW,   cloud  
[2023/10/18 23:57:44 609] isr        1559 6400  2  
[2023/10/18 23:57:44 818] isr        1547 ASR_MSG_AUW,   cloud  
[2023/10/18 23:57:44 818] isr        1559 6400  2  
[2023/10/18 23:57:45 023] isr        1547 ASR_MSG_AUW,   cloud  
[2023/10/18 23:57:45 023] isr        1559 6400  2  
[2023/10/18 23:57:45 239] isr        1547 ASR_MSG_AUW,   cloud  
[2023/10/18 23:57:45 240] isr        1559 6400  2  
[2023/10/18 23:57:45 440] isr        1547 ASR_MSG_AUW,   cloud  
[2023/10/18 23:57:45 440] isr        1559 6400  2  
[2023/10/18 23:57:45 648] isr        1547 ASR_MSG_AUW,   cloud  
[2023/10/18 23:57:45 648] isr        1559 6400  2  
[2023/10/18 23:57:45 857] isr        1547 ASR_MSG_AUW,   cloud  
[2023/10/18 23:57:45 857] isr        1559 6400  2  
[2023/10/18 23:57:46 065] isr        1547 ASR_MSG_AUW,   cloud  
[2023/10/18 23:57:46 065] isr        1559 6400  2  
[2023/10/18 23:57:46 272] isr        1547 ASR_MSG_AUW,   cloud  
[2023/10/18 23:57:46 272] isr        1559 6400  2  
[2023/10/18 23:57:46 480] isr        1547 ASR_MSG_AUW,   cloud  
[2023/10/18 23:57:46 480] isr        1559 7420  2  
[2023/10/18 23:57:46 687] isr        1547 ASR_MSG_AUW,   cloud  
[2023/10/18 23:57:46 687] isr        1559 0  4  
[2023/10/18 23:57:46 687] isr        1592 aud end, USER  
[2023/10/18 23:57:46 687] isr        1636 ASR_MSG_GRSLT,   cloud  
[2023/10/18 23:57:46 687] isr        1335 0  nil  2  
[2023/10/18 23:57:46 687] isr        854  [aud] speech end  
[2023/10/18 23:57:46 690] isr        798  3  msc  
[2023/10/18 23:57:46 693] isr        707  cloud_status_cb, start local.  
[2023/10/18 23:57:46 842] isr        1636 ASR_MSG_GRSLT,   cloud  
[2023/10/18 23:57:46 842] isr        1335 0  nil  2  
[2023/10/18 23:57:46 993] isr        1636 ASR_MSG_GRSLT,   cloud  
[2023/10/18 23:57:46 993] isr        1335 0  nil  2  
[2023/10/18 23:57:47 148] isr        1636 ASR_MSG_GRSLT,   cloud  
[2023/10/18 23:57:47 148] isr        1335 0  nil  2  
[2023/10/18 23:57:47 301] isr        1636 ASR_MSG_GRSLT,   cloud  
[2023/10/18 23:57:47 301] isr        1335 0  nil  2  
[2023/10/18 23:57:47 454] isr        1636 ASR_MSG_GRSLT,   cloud  
[2023/10/18 23:57:47 454] isr        1335 0  nil  2  
[2023/10/18 23:57:47 605] isr        1636 ASR_MSG_GRSLT,   cloud  
[2023/10/18 23:57:47 605] isr        1335 0  nil  2  
[2023/10/18 23:57:47 773] isr        1636 ASR_MSG_GRSLT,   cloud  
[2023/10/18 23:57:47 773] isr        1335 0  nil  2  
[2023/10/18 23:57:47 937] isr        1636 ASR_MSG_GRSLT,   cloud  
[2023/10/18 23:57:47 937] isr        1335 0  nil  2  
[2023/10/18 23:57:48 088] isr        1636 ASR_MSG_GRSLT,   cloud  
[2023/10/18 23:57:48 088] isr        1335 0  nil  2  
[2023/10/18 23:57:48 247] isr        1636 ASR_MSG_GRSLT,   cloud  
[2023/10/18 23:57:48 247] isr        1335 0  nil  2  
[2023/10/18 23:57:48 407] isr        1636 ASR_MSG_GRSLT,   cloud  
[2023/10/18 23:57:48 407] isr        1335 0  nil  2  
[2023/10/18 23:57:48 569] isr        1636 ASR_MSG_GRSLT,   cloud  
[2023/10/18 23:57:48 569] isr        1335 0  nil  2  
[2023/10/18 23:57:48 723] isr        1636 ASR_MSG_GRSLT,   cloud  
[2023/10/18 23:57:48 723] isr        1335 0  nil  2  
[2023/10/18 23:57:48 881] isr        1636 ASR_MSG_GRSLT,   cloud  
[2023/10/18 23:57:48 881] isr        1335 0  nil  2  
[2023/10/18 23:57:49 036] isr        1636 ASR_MSG_GRSLT,   cloud  
[2023/10/18 23:57:49 036] isr        1335 0  nil  2  
[2023/10/18 23:57:49 203] isr        1636 ASR_MSG_GRSLT,   cloud  
[2023/10/18 23:57:49 203] isr        1335 0  nil  2  
[2023/10/18 23:57:49 354] isr        1636 ASR_MSG_GRSLT,   cloud  
[2023/10/18 23:57:49 354] isr        1335 0  nil  2  
[2023/10/18 23:57:49 507] isr        1636 ASR_MSG_GRSLT,   cloud  
[2023/10/18 23:57:49 507] isr        1335 0  nil  2  
[2023/10/18 23:57:49 507] isr        691  cloud_err_cb errorcode =   12203  detail =   MSS:[http] bad response 203  
[2023/10/18 23:57:49 507] isr        399  error occurred:   cloud  12203  
[2023/10/18 23:57:49 667] isr        1636 ASR_MSG_GRSLT,   cloud  
[2023/10/18 23:57:49 667] isr        1335 12203  nil  2  
[2023/10/18 23:57:49 677] isr        1639 ASR_MSG_SSE,   cloud  
[2023/10/18 23:57:49 677] isr        1356 session_end() [in]  
[2023/10/18 23:57:49 677] isr        1421 cloud_session_end() [in]  
[2023/10/18 23:57:49 677] isr        1488 ns_host=  open.xf-yun.com  
[2023/10/18 23:57:49 677] isr        1514 cloud_session_end() [out]  
[2023/10/18 23:57:49 677] isr        1667 isr unload!  
============================================================
Time  2023/10/19 09:33:32 206 
============================================================
[2023/10/19 09:33:32 206] isr        1659 isr loaded!  
[2023/10/19 09:33:32 207] isr        1642 SYS_MSG_REGCB param0 =   msp_status_cb  param1 =   func(820aaa80) 
[2023/10/19 09:33:32 207] isr        1537 ASR_MSG_SSB  
[2023/10/19 09:33:32 207] isr        1066 session_begin() [in], params:   sub = iat, domain = iat, language = zh_cn, accent = mandarin, sample_rate = 16000, result_type = plain, result_encoding = gb2312  nil  
[2023/10/19 09:33:32 207] isr        927  vad_set [in]  
[2023/10/19 09:33:32 207] isr        962  vad_enable :  true  
[2023/10/19 09:33:32 207] isr        980  vad_bos :  10000  
[2023/10/19 09:33:32 207] isr        981  vad_eos :  2000  
[2023/10/19 09:33:32 207] isr        886  enable_vad [in]  
[2023/10/19 09:33:32 209] isr        918  vad enabled!  2000  10000  
[2023/10/19 09:33:32 209] isr        921  enable_vad [out]  
[2023/10/19 09:33:32 209] isr        987  vad_set [out] | ret =  0  
[2023/10/19 09:33:32 209] isr        1187 cur_engine_type =   cloud  
[2023/10/19 09:33:32 209] isr        1001 cloud_session_begin  
[2023/10/19 09:33:32 209] isr        1013 unknown  
[2023/10/19 09:33:32 210] isr        1547 ASR_MSG_AUW,   cloud  
[2023/10/19 09:33:32 210] isr        1559 6400  1  
[2023/10/19 09:33:32 210] isr        1569 once_bytes:   6400  
[2023/10/19 09:33:32 213] isr        851  [aud] speech start  
[2023/10/19 09:33:32 213] isr        798  1  msc  
[2023/10/19 09:33:32 414] isr        1547 ASR_MSG_AUW,   cloud  
[2023/10/19 09:33:32 414] isr        1559 6400  2  
[2023/10/19 09:33:32 466] isr        700  cloud_status_cb, eps:  1  
[2023/10/19 09:33:32 466] isr        798  1  cloud  
[2023/10/19 09:33:32 466] isr        813  cloud eps ignored  
[2023/10/19 09:33:32 617] isr        1547 ASR_MSG_AUW,   cloud  
[2023/10/19 09:33:32 617] isr        1559 6400  2  
[2023/10/19 09:33:32 819] isr        1547 ASR_MSG_AUW,   cloud  
[2023/10/19 09:33:32 819] isr        1559 6400  2  
[2023/10/19 09:33:33 020] isr        1547 ASR_MSG_AUW,   cloud  
[2023/10/19 09:33:33 020] isr        1559 6400  2  
[2023/10/19 09:33:33 226] isr        1547 ASR_MSG_AUW,   cloud  
[2023/10/19 09:33:33 226] isr        1559 6400  2  
[2023/10/19 09:33:33 427] isr        1547 ASR_MSG_AUW,   cloud  
[2023/10/19 09:33:33 427] isr        1559 6400  2  
[2023/10/19 09:33:33 631] isr        1547 ASR_MSG_AUW,   cloud  
[2023/10/19 09:33:33 631] isr        1559 6400  2  
[2023/10/19 09:33:33 845] isr        1547 ASR_MSG_AUW,   cloud  
[2023/10/19 09:33:33 845] isr        1559 6400  2  
[2023/10/19 09:33:34 052] isr        1547 ASR_MSG_AUW,   cloud  
[2023/10/19 09:33:34 052] isr        1559 6400  2  
[2023/10/19 09:33:34 256] isr        1547 ASR_MSG_AUW,   cloud  
[2023/10/19 09:33:34 257] isr        1559 6400  2  
[2023/10/19 09:33:34 461] isr        1547 ASR_MSG_AUW,   cloud  
[2023/10/19 09:33:34 461] isr        1559 6400  2  
[2023/10/19 09:33:34 664] isr        1547 ASR_MSG_AUW,   cloud  
[2023/10/19 09:33:34 664] isr        1559 6400  2  
[2023/10/19 09:33:34 871] isr        1547 ASR_MSG_AUW,   cloud  
[2023/10/19 09:33:34 871] isr        1559 6400  2  
[2023/10/19 09:33:35 075] isr        1547 ASR_MSG_AUW,   cloud  
[2023/10/19 09:33:35 075] isr        1559 6400  2  
[2023/10/19 09:33:35 280] isr        1547 ASR_MSG_AUW,   cloud  
[2023/10/19 09:33:35 280] isr        1559 6400  2  
[2023/10/19 09:33:35 499] isr        1547 ASR_MSG_AUW,   cloud  
[2023/10/19 09:33:35 499] isr        1559 6400  2  
[2023/10/19 09:33:35 706] isr        1547 ASR_MSG_AUW,   cloud  
[2023/10/19 09:33:35 706] isr        1559 6400  2  
[2023/10/19 09:33:35 911] isr        1547 ASR_MSG_AUW,   cloud  
[2023/10/19 09:33:35 911] isr        1559 6400  2  
[2023/10/19 09:33:36 118] isr        1547 ASR_MSG_AUW,   cloud  
[2023/10/19 09:33:36 118] isr        1559 6400  2  
[2023/10/19 09:33:36 319] isr        1547 ASR_MSG_AUW,   cloud  
[2023/10/19 09:33:36 321] isr        1559 6400  2  
[2023/10/19 09:33:36 525] isr        1547 ASR_MSG_AUW,   cloud  
[2023/10/19 09:33:36 525] isr        1559 6400  2  
[2023/10/19 09:33:36 726] isr        1547 ASR_MSG_AUW,   cloud  
[2023/10/19 09:33:36 726] isr        1559 7420  2  
[2023/10/19 09:33:36 793] isr        662  cloud_rslt_cb status =   0  
[2023/10/19 09:33:36 793] isr        641  process_result call:  cloud  udata(82249378) 0  nil  
[2023/10/19 09:33:36 941] isr        1547 ASR_MSG_AUW,   cloud  
[2023/10/19 09:33:36 941] isr        1559 0  4  
[2023/10/19 09:33:36 941] isr        1592 aud end, USER  
[2023/10/19 09:33:36 943] isr        854  [aud] speech end  
[2023/10/19 09:33:36 944] isr        798  3  msc  
[2023/10/19 09:33:36 944] isr        1636 ASR_MSG_GRSLT,   cloud  
[2023/10/19 09:33:36 944] isr        1335 0  udata(82249378) 0  
[2023/10/19 09:33:37 006] isr        700  cloud_status_cb, eps:  3  
[2023/10/19 09:33:37 006] isr        798  3  cloud  
[2023/10/19 09:33:37 006] isr        800  already speech end  
[2023/10/19 09:33:37 007] isr        662  cloud_rslt_cb status =   5  
[2023/10/19 09:33:37 007] isr        641  process_result call:  cloud  udata(82243e78) 5  nil  
[2023/10/19 09:33:37 007] isr        798  3  msc  
[2023/10/19 09:33:37 007] isr        800  already speech end  
[2023/10/19 09:33:37 111] isr        1636 ASR_MSG_GRSLT,   cloud  
[2023/10/19 09:33:37 111] isr        1335 0  udata(82243e78) 5  
[2023/10/19 09:33:37 275] isr        1639 ASR_MSG_SSE,   cloud  
[2023/10/19 09:33:37 275] isr        1356 session_end() [in]  
[2023/10/19 09:33:37 275] isr        1421 cloud_session_end() [in]  
[2023/10/19 09:33:37 279] isr        1488 ns_host=  open.xf-yun.com  
[2023/10/19 09:33:37 280] isr        1514 cloud_session_end() [out]  
[2023/10/19 09:33:37 283] isr        1667 isr unload!  
============================================================
Time  2023/10/19 09:33:52 188 
============================================================
[2023/10/19 09:33:52 188] isr        1659 isr loaded!  
[2023/10/19 09:33:52 188] isr        1642 SYS_MSG_REGCB param0 =   msp_status_cb  param1 =   func(cc8e18d0) 
[2023/10/19 09:33:52 188] isr        1537 ASR_MSG_SSB  
[2023/10/19 09:33:52 188] isr        1066 session_begin() [in], params:   sub = iat, domain = iat, language = zh_cn, accent = mandarin, sample_rate = 16000, result_type = plain, result_encoding = gb2312  nil  
[2023/10/19 09:33:52 188] isr        927  vad_set [in]  
[2023/10/19 09:33:52 188] isr        962  vad_enable :  true  
[2023/10/19 09:33:52 188] isr        980  vad_bos :  10000  
[2023/10/19 09:33:52 188] isr        981  vad_eos :  2000  
[2023/10/19 09:33:52 188] isr        886  enable_vad [in]  
[2023/10/19 09:33:52 190] isr        918  vad enabled!  2000  10000  
[2023/10/19 09:33:52 190] isr        921  enable_vad [out]  
[2023/10/19 09:33:52 190] isr        987  vad_set [out] | ret =  0  
[2023/10/19 09:33:52 190] isr        1187 cur_engine_type =   cloud  
[2023/10/19 09:33:52 190] isr        1001 cloud_session_begin  
[2023/10/19 09:33:52 190] isr        1013 unknown  
[2023/10/19 09:33:52 193] isr        1547 ASR_MSG_AUW,   cloud  
[2023/10/19 09:33:52 193] isr        1559 6400  1  
[2023/10/19 09:33:52 193] isr        1569 once_bytes:   6400  
[2023/10/19 09:33:52 194] isr        851  [aud] speech start  
[2023/10/19 09:33:52 194] isr        798  1  msc  
[2023/10/19 09:33:52 408] isr        1547 ASR_MSG_AUW,   cloud  
[2023/10/19 09:33:52 408] isr        1559 6400  2  
[2023/10/19 09:33:52 473] isr        700  cloud_status_cb, eps:  1  
[2023/10/19 09:33:52 473] isr        798  1  cloud  
[2023/10/19 09:33:52 473] isr        813  cloud eps ignored  
[2023/10/19 09:33:52 611] isr        1547 ASR_MSG_AUW,   cloud  
[2023/10/19 09:33:52 611] isr        1559 6400  2  
[2023/10/19 09:33:52 819] isr        1547 ASR_MSG_AUW,   cloud  
[2023/10/19 09:33:52 819] isr        1559 6400  2  
[2023/10/19 09:33:53 022] isr        1547 ASR_MSG_AUW,   cloud  
[2023/10/19 09:33:53 022] isr        1559 6400  2  
[2023/10/19 09:33:53 230] isr        1547 ASR_MSG_AUW,   cloud  
[2023/10/19 09:33:53 230] isr        1559 6400  2  
[2023/10/19 09:33:53 433] isr        1547 ASR_MSG_AUW,   cloud  
[2023/10/19 09:33:53 433] isr        1559 6400  2  
[2023/10/19 09:33:53 637] isr        1547 ASR_MSG_AUW,   cloud  
[2023/10/19 09:33:53 637] isr        1559 6400  2  
[2023/10/19 09:33:53 838] isr        1547 ASR_MSG_AUW,   cloud  
[2023/10/19 09:33:53 839] isr        1559 6400  2  
[2023/10/19 09:33:54 042] isr        1547 ASR_MSG_AUW,   cloud  
[2023/10/19 09:33:54 042] isr        1559 6400  2  
[2023/10/19 09:33:54 250] isr        1547 ASR_MSG_AUW,   cloud  
[2023/10/19 09:33:54 250] isr        1559 6400  2  
[2023/10/19 09:33:54 453] isr        1547 ASR_MSG_AUW,   cloud  
[2023/10/19 09:33:54 453] isr        1559 6400  2  
[2023/10/19 09:33:54 655] isr        1547 ASR_MSG_AUW,   cloud  
[2023/10/19 09:33:54 655] isr        1559 6400  2  
[2023/10/19 09:33:54 861] isr        1547 ASR_MSG_AUW,   cloud  
[2023/10/19 09:33:54 861] isr        1559 6400  2  
[2023/10/19 09:33:55 063] isr        1547 ASR_MSG_AUW,   cloud  
[2023/10/19 09:33:55 063] isr        1559 6400  2  
[2023/10/19 09:33:55 269] isr        1547 ASR_MSG_AUW,   cloud  
[2023/10/19 09:33:55 269] isr        1559 6400  2  
[2023/10/19 09:33:55 473] isr        1547 ASR_MSG_AUW,   cloud  
[2023/10/19 09:33:55 473] isr        1559 6400  2  
[2023/10/19 09:33:55 681] isr        1547 ASR_MSG_AUW,   cloud  
[2023/10/19 09:33:55 681] isr        1559 6400  2  
[2023/10/19 09:33:55 897] isr        1547 ASR_MSG_AUW,   cloud  
[2023/10/19 09:33:55 897] isr        1559 6400  2  
[2023/10/19 09:33:56 104] isr        1547 ASR_MSG_AUW,   cloud  
[2023/10/19 09:33:56 104] isr        1559 6400  2  
[2023/10/19 09:33:56 306] isr        1547 ASR_MSG_AUW,   cloud  
[2023/10/19 09:33:56 308] isr        1559 6400  2  
[2023/10/19 09:33:56 515] isr        1547 ASR_MSG_AUW,   cloud  
[2023/10/19 09:33:56 515] isr        1559 6400  2  
[2023/10/19 09:33:56 730] isr        1547 ASR_MSG_AUW,   cloud  
[2023/10/19 09:33:56 730] isr        1559 7420  2  
[2023/10/19 09:33:56 805] isr        662  cloud_rslt_cb status =   0  
[2023/10/19 09:33:56 805] isr        641  process_result call:  cloud  udata(cd100f28) 0  nil  
[2023/10/19 09:33:56 930] isr        1547 ASR_MSG_AUW,   cloud  
[2023/10/19 09:33:56 930] isr        1559 0  4  
[2023/10/19 09:33:56 930] isr        1592 aud end, USER  
[2023/10/19 09:33:56 933] isr        1636 ASR_MSG_GRSLT,   cloud  
[2023/10/19 09:33:56 933] isr        1335 0  udata(cd100f28) 0  
[2023/10/19 09:33:56 934] isr        854  [aud] speech end  
[2023/10/19 09:33:56 936] isr        798  3  msc  
[2023/10/19 09:33:56 989] isr        700  cloud_status_cb, eps:  3  
[2023/10/19 09:33:56 989] isr        798  3  cloud  
[2023/10/19 09:33:56 989] isr        800  already speech end  
[2023/10/19 09:33:56 992] isr        662  cloud_rslt_cb status =   5  
[2023/10/19 09:33:56 992] isr        641  process_result call:  cloud  udata(cd0fb258) 5  nil  
[2023/10/19 09:33:56 992] isr        798  3  msc  
[2023/10/19 09:33:56 992] isr        800  already speech end  
[2023/10/19 09:33:57 089] isr        1636 ASR_MSG_GRSLT,   cloud  
[2023/10/19 09:33:57 089] isr        1335 0  udata(cd0fb258) 5  
[2023/10/19 09:33:57 246] isr        1639 ASR_MSG_SSE,   cloud  
[2023/10/19 09:33:57 246] isr        1356 session_end() [in]  
[2023/10/19 09:33:57 246] isr        1421 cloud_session_end() [in]  
[2023/10/19 09:33:57 249] isr        1488 ns_host=  open.xf-yun.com  
[2023/10/19 09:33:57 249] isr        1498 tick()mod=  393255015  
[2023/10/19 09:33:57 249] isr        1499 tick()=  393255015  
[2023/10/19 09:33:57 249] isr        1501 diff=  4890  
[2023/10/19 09:33:57 249] isr        1514 cloud_session_end() [out]  
[2023/10/19 09:33:57 250] isr        1667 isr unload!  
============================================================
Time  2023/10/19 09:34:32 546 
============================================================
[2023/10/19 09:34:32 546] isr        1659 isr loaded!  
[2023/10/19 09:34:32 546] isr        1642 SYS_MSG_REGCB param0 =   msp_status_cb  param1 =   func(fc663a40) 
[2023/10/19 09:34:32 548] isr        1537 ASR_MSG_SSB  
[2023/10/19 09:34:32 548] isr        1066 session_begin() [in], params:   sub = iat, domain = iat, language = zh_cn, accent = mandarin, sample_rate = 16000, result_type = plain, result_encoding = gb2312Íýýýý  nil  
[2023/10/19 09:34:32 548] isr        927  vad_set [in]  
[2023/10/19 09:34:32 549] isr        962  vad_enable :  true  
[2023/10/19 09:34:32 549] isr        980  vad_bos :  10000  
[2023/10/19 09:34:32 549] isr        981  vad_eos :  2000  
[2023/10/19 09:34:32 549] isr        886  enable_vad [in]  
[2023/10/19 09:34:32 552] isr        918  vad enabled!  2000  10000  
[2023/10/19 09:34:32 552] isr        921  enable_vad [out]  
[2023/10/19 09:34:32 552] isr        987  vad_set [out] | ret =  0  
[2023/10/19 09:34:32 552] isr        1187 cur_engine_type =   cloud  
[2023/10/19 09:34:32 552] isr        1001 cloud_session_begin  
[2023/10/19 09:34:32 552] isr        1013 unknown  
[2023/10/19 09:34:32 780] isr        1547 ASR_MSG_AUW,   cloud  
[2023/10/19 09:34:32 780] isr        1559 6400  1  
[2023/10/19 09:34:32 780] isr        1569 once_bytes:   6400  
[2023/10/19 09:34:32 786] isr        851  [aud] speech start  
[2023/10/19 09:34:32 786] isr        798  1  msc  
[2023/10/19 09:34:32 980] isr        1547 ASR_MSG_AUW,   cloud  
[2023/10/19 09:34:32 980] isr        1559 6400  2  
[2023/10/19 09:34:33 036] isr        700  cloud_status_cb, eps:  1  
[2023/10/19 09:34:33 036] isr        798  1  cloud  
[2023/10/19 09:34:33 036] isr        813  cloud eps ignored  
[2023/10/19 09:34:33 180] isr        1547 ASR_MSG_AUW,   cloud  
[2023/10/19 09:34:33 180] isr        1559 6400  2  
[2023/10/19 09:34:33 381] isr        1547 ASR_MSG_AUW,   cloud  
[2023/10/19 09:34:33 382] isr        1559 6400  2  
[2023/10/19 09:34:33 582] isr        1547 ASR_MSG_AUW,   cloud  
[2023/10/19 09:34:33 582] isr        1559 6400  2  
[2023/10/19 09:34:33 782] isr        1547 ASR_MSG_AUW,   cloud  
[2023/10/19 09:34:33 782] isr        1559 6400  2  
[2023/10/19 09:34:33 980] isr        1547 ASR_MSG_AUW,   cloud  
[2023/10/19 09:34:33 980] isr        1559 6400  2  
[2023/10/19 09:34:34 181] isr        1547 ASR_MSG_AUW,   cloud  
[2023/10/19 09:34:34 181] isr        1559 6400  2  
[2023/10/19 09:34:34 382] isr        1547 ASR_MSG_AUW,   cloud  
[2023/10/19 09:34:34 382] isr        1559 6400  2  
[2023/10/19 09:34:34 582] isr        1547 ASR_MSG_AUW,   cloud  
[2023/10/19 09:34:34 582] isr        1559 6400  2  
[2023/10/19 09:34:34 782] isr        1547 ASR_MSG_AUW,   cloud  
[2023/10/19 09:34:34 782] isr        1559 6400  2  
[2023/10/19 09:34:34 980] isr        1547 ASR_MSG_AUW,   cloud  
[2023/10/19 09:34:34 982] isr        1559 6400  2  
[2023/10/19 09:34:35 180] isr        1547 ASR_MSG_AUW,   cloud  
[2023/10/19 09:34:35 180] isr        1559 6400  2  
[2023/10/19 09:34:35 381] isr        1547 ASR_MSG_AUW,   cloud  
[2023/10/19 09:34:35 381] isr        1559 6400  2  
[2023/10/19 09:34:35 579] isr        1547 ASR_MSG_AUW,   cloud  
[2023/10/19 09:34:35 579] isr        1559 6400  2  
[2023/10/19 09:34:35 780] isr        1547 ASR_MSG_AUW,   cloud  
[2023/10/19 09:34:35 780] isr        1559 6400  2  
[2023/10/19 09:34:35 980] isr        1547 ASR_MSG_AUW,   cloud  
[2023/10/19 09:34:35 980] isr        1559 6400  2  
[2023/10/19 09:34:36 181] isr        1547 ASR_MSG_AUW,   cloud  
[2023/10/19 09:34:36 181] isr        1559 6400  2  
[2023/10/19 09:34:36 381] isr        1547 ASR_MSG_AUW,   cloud  
[2023/10/19 09:34:36 381] isr        1559 6400  2  
[2023/10/19 09:34:36 502] isr        1547 ASR_MSG_AUW,   cloud  
[2023/10/19 09:34:36 502] isr        1559 3778  2  
[2023/10/19 09:34:36 516] isr        1547 ASR_MSG_AUW,   cloud  
[2023/10/19 09:34:36 516] isr        1559 0  4  
[2023/10/19 09:34:36 517] isr        1592 aud end, USER  
[2023/10/19 09:34:36 519] isr        1636 ASR_MSG_GRSLT,   cloud  
[2023/10/19 09:34:36 519] isr        1335 0  nil  2  
[2023/10/19 09:34:36 519] isr        854  [aud] speech end  
[2023/10/19 09:34:36 520] isr        798  3  msc  
[2023/10/19 09:34:36 588] isr        700  cloud_status_cb, eps:  3  
[2023/10/19 09:34:36 588] isr        798  3  cloud  
[2023/10/19 09:34:36 588] isr        800  already speech end  
[2023/10/19 09:34:36 588] isr        662  cloud_rslt_cb status =   0  
[2023/10/19 09:34:36 588] isr        641  process_result call:  cloud  udata(fcd6cec8) 0  nil  
[2023/10/19 09:34:36 612] isr        662  cloud_rslt_cb status =   5  
[2023/10/19 09:34:36 612] isr        641  process_result call:  cloud  udata(fcd69868) 5  nil  
[2023/10/19 09:34:36 612] isr        798  3  msc  
[2023/10/19 09:34:36 612] isr        800  already speech end  
[2023/10/19 09:34:36 625] isr        1636 ASR_MSG_GRSLT,   cloud  
[2023/10/19 09:34:36 625] isr        1335 0  udata(fcd6cec8) 0  
[2023/10/19 09:34:36 736] isr        1636 ASR_MSG_GRSLT,   cloud  
[2023/10/19 09:34:36 736] isr        1335 0  udata(fcd69868) 5  
[2023/10/19 09:34:36 845] isr        1639 ASR_MSG_SSE,   cloud  
[2023/10/19 09:34:36 845] isr        1356 session_end() [in]  
[2023/10/19 09:34:36 845] isr        1421 cloud_session_end() [in]  
[2023/10/19 09:34:36 845] isr        1488 ns_host=  open.xf-yun.com  
[2023/10/19 09:34:36 846] isr        1514 cloud_session_end() [out]  
[2023/10/19 09:34:36 848] isr        1667 isr unload!  
============================================================
Time  2023/10/19 09:34:43 210 
============================================================
[2023/10/19 09:34:43 210] isr        1659 isr loaded!  
[2023/10/19 09:34:43 210] isr        1642 SYS_MSG_REGCB param0 =   msp_status_cb  param1 =   func(fc611a30) 
[2023/10/19 09:34:43 210] isr        1537 ASR_MSG_SSB  
[2023/10/19 09:34:43 210] isr        1066 session_begin() [in], params:   sub = iat, domain = iat, language = zh_cn, accent = mandarin, sample_rate = 16000, result_type = plain, result_encoding = gb2312Íýýýý  nil  
[2023/10/19 09:34:43 210] isr        927  vad_set [in]  
[2023/10/19 09:34:43 210] isr        962  vad_enable :  true  
[2023/10/19 09:34:43 210] isr        980  vad_bos :  10000  
[2023/10/19 09:34:43 210] isr        981  vad_eos :  2000  
[2023/10/19 09:34:43 210] isr        886  enable_vad [in]  
[2023/10/19 09:34:43 210] isr        918  vad enabled!  2000  10000  
[2023/10/19 09:34:43 210] isr        921  enable_vad [out]  
[2023/10/19 09:34:43 210] isr        987  vad_set [out] | ret =  0  
[2023/10/19 09:34:43 210] isr        1187 cur_engine_type =   cloud  
[2023/10/19 09:34:43 211] isr        1001 cloud_session_begin  
[2023/10/19 09:34:43 211] isr        1013 unknown  
[2023/10/19 09:34:43 428] isr        1547 ASR_MSG_AUW,   cloud  
[2023/10/19 09:34:43 428] isr        1559 6400  1  
[2023/10/19 09:34:43 428] isr        1569 once_bytes:   6400  
[2023/10/19 09:34:43 430] isr        851  [aud] speech start  
[2023/10/19 09:34:43 430] isr        798  1  msc  
[2023/10/19 09:34:43 628] isr        1547 ASR_MSG_AUW,   cloud  
[2023/10/19 09:34:43 628] isr        1559 6400  2  
[2023/10/19 09:34:43 677] isr        700  cloud_status_cb, eps:  1  
[2023/10/19 09:34:43 677] isr        798  1  cloud  
[2023/10/19 09:34:43 677] isr        813  cloud eps ignored  
[2023/10/19 09:34:43 828] isr        1547 ASR_MSG_AUW,   cloud  
[2023/10/19 09:34:43 828] isr        1559 6400  2  
[2023/10/19 09:34:44 029] isr        1547 ASR_MSG_AUW,   cloud  
[2023/10/19 09:34:44 029] isr        1559 6400  2  
[2023/10/19 09:34:44 230] isr        1547 ASR_MSG_AUW,   cloud  
[2023/10/19 09:34:44 230] isr        1559 6400  2  
[2023/10/19 09:34:44 428] isr        1547 ASR_MSG_AUW,   cloud  
[2023/10/19 09:34:44 428] isr        1559 6400  2  
[2023/10/19 09:34:44 630] isr        1547 ASR_MSG_AUW,   cloud  
[2023/10/19 09:34:44 630] isr        1559 6400  2  
[2023/10/19 09:34:44 829] isr        1547 ASR_MSG_AUW,   cloud  
[2023/10/19 09:34:44 829] isr        1559 6400  2  
[2023/10/19 09:34:45 029] isr        1547 ASR_MSG_AUW,   cloud  
[2023/10/19 09:34:45 029] isr        1559 6400  2  
[2023/10/19 09:34:45 229] isr        1547 ASR_MSG_AUW,   cloud  
[2023/10/19 09:34:45 230] isr        1559 6400  2  
[2023/10/19 09:34:45 428] isr        1547 ASR_MSG_AUW,   cloud  
[2023/10/19 09:34:45 428] isr        1559 6400  2  
[2023/10/19 09:34:45 588] isr        1547 ASR_MSG_AUW,   cloud  
[2023/10/19 09:34:45 588] isr        1559 4800  2  
[2023/10/19 09:34:45 598] isr        1547 ASR_MSG_AUW,   cloud  
[2023/10/19 09:34:45 598] isr        1559 0  4  
[2023/10/19 09:34:45 598] isr        1592 aud end, USER  
[2023/10/19 09:34:45 599] isr        1636 ASR_MSG_GRSLT,   cloud  
[2023/10/19 09:34:45 599] isr        1335 0  nil  2  
[2023/10/19 09:34:45 601] isr        854  [aud] speech end  
[2023/10/19 09:34:45 601] isr        798  3  msc  
[2023/10/19 09:34:45 710] isr        1636 ASR_MSG_GRSLT,   cloud  
[2023/10/19 09:34:45 710] isr        1335 0  nil  2  
[2023/10/19 09:34:45 716] isr        700  cloud_status_cb, eps:  3  
[2023/10/19 09:34:45 716] isr        798  3  cloud  
[2023/10/19 09:34:45 716] isr        800  already speech end  
[2023/10/19 09:34:45 719] isr        662  cloud_rslt_cb status =   5  
[2023/10/19 09:34:45 719] isr        641  process_result call:  cloud  udata(fc5a13e8) 5  nil  
[2023/10/19 09:34:45 719] isr        798  3  msc  
[2023/10/19 09:34:45 719] isr        800  already speech end  
[2023/10/19 09:34:45 815] isr        1636 ASR_MSG_GRSLT,   cloud  
[2023/10/19 09:34:45 815] isr        1335 0  udata(fc5a13e8) 5  
[2023/10/19 09:34:45 924] isr        1639 ASR_MSG_SSE,   cloud  
[2023/10/19 09:34:45 924] isr        1356 session_end() [in]  
[2023/10/19 09:34:45 924] isr        1421 cloud_session_end() [in]  
[2023/10/19 09:34:45 926] isr        1488 ns_host=  open.xf-yun.com  
[2023/10/19 09:34:45 927] isr        1514 cloud_session_end() [out]  
[2023/10/19 09:34:45 928] isr        1667 isr unload!  
============================================================
Time  2023/10/19 14:54:39 200 
============================================================
[2023/10/19 14:54:39 201] isr        1659 isr loaded!  
[2023/10/19 14:54:39 203] isr        1642 SYS_MSG_REGCB param0 =   msp_status_cb  param1 =   func(77712100) 
[2023/10/19 14:54:39 203] isr        1537 ASR_MSG_SSB  
[2023/10/19 14:54:39 203] isr        1066 session_begin() [in], params:   sub = iat, domain = iat, language = zh_cn, accent = mandarin, sample_rate = 16000, result_type = plain, result_encoding = gb2312Íýýýý  nil  
[2023/10/19 14:54:39 203] isr        927  vad_set [in]  
[2023/10/19 14:54:39 203] isr        962  vad_enable :  true  
[2023/10/19 14:54:39 203] isr        980  vad_bos :  10000  
[2023/10/19 14:54:39 203] isr        981  vad_eos :  2000  
[2023/10/19 14:54:39 203] isr        886  enable_vad [in]  
[2023/10/19 14:54:39 204] isr        918  vad enabled!  2000  10000  
[2023/10/19 14:54:39 204] isr        921  enable_vad [out]  
[2023/10/19 14:54:39 204] isr        987  vad_set [out] | ret =  0  
[2023/10/19 14:54:39 204] isr        1187 cur_engine_type =   cloud  
[2023/10/19 14:54:39 204] isr        1001 cloud_session_begin  
[2023/10/19 14:54:39 204] isr        1013 unknown  
[2023/10/19 14:54:39 428] isr        1547 ASR_MSG_AUW,   cloud  
[2023/10/19 14:54:39 428] isr        1559 6400  1  
[2023/10/19 14:54:39 430] isr        1569 once_bytes:   6400  
[2023/10/19 14:54:39 434] isr        851  [aud] speech start  
[2023/10/19 14:54:39 436] isr        798  1  msc  
[2023/10/19 14:54:39 622] isr        1547 ASR_MSG_AUW,   cloud  
[2023/10/19 14:54:39 622] isr        1559 6400  2  
[2023/10/19 14:54:39 678] isr        700  cloud_status_cb, eps:  1  
[2023/10/19 14:54:39 678] isr        798  1  cloud  
[2023/10/19 14:54:39 678] isr        813  cloud eps ignored  
[2023/10/19 14:54:39 825] isr        1547 ASR_MSG_AUW,   cloud  
[2023/10/19 14:54:39 825] isr        1559 6400  2  
[2023/10/19 14:54:40 023] isr        1547 ASR_MSG_AUW,   cloud  
[2023/10/19 14:54:40 023] isr        1559 6400  2  
[2023/10/19 14:54:40 224] isr        1547 ASR_MSG_AUW,   cloud  
[2023/10/19 14:54:40 224] isr        1559 6400  2  
[2023/10/19 14:54:40 424] isr        1547 ASR_MSG_AUW,   cloud  
[2023/10/19 14:54:40 424] isr        1559 6400  2  
[2023/10/19 14:54:40 625] isr        1547 ASR_MSG_AUW,   cloud  
[2023/10/19 14:54:40 625] isr        1559 6400  2  
[2023/10/19 14:54:40 822] isr        1547 ASR_MSG_AUW,   cloud  
[2023/10/19 14:54:40 822] isr        1559 6400  2  
[2023/10/19 14:54:41 023] isr        1547 ASR_MSG_AUW,   cloud  
[2023/10/19 14:54:41 023] isr        1559 6400  2  
[2023/10/19 14:54:41 224] isr        1547 ASR_MSG_AUW,   cloud  
[2023/10/19 14:54:41 224] isr        1559 6400  2  
[2023/10/19 14:54:41 423] isr        1547 ASR_MSG_AUW,   cloud  
[2023/10/19 14:54:41 423] isr        1559 6400  2  
[2023/10/19 14:54:41 625] isr        1547 ASR_MSG_AUW,   cloud  
[2023/10/19 14:54:41 625] isr        1559 6400  2  
[2023/10/19 14:54:41 825] isr        1547 ASR_MSG_AUW,   cloud  
[2023/10/19 14:54:41 825] isr        1559 6400  2  
[2023/10/19 14:54:42 023] isr        1547 ASR_MSG_AUW,   cloud  
[2023/10/19 14:54:42 023] isr        1559 6400  2  
[2023/10/19 14:54:42 155] isr        1547 ASR_MSG_AUW,   cloud  
[2023/10/19 14:54:42 155] isr        1559 4098  2  
[2023/10/19 14:54:42 170] isr        1547 ASR_MSG_AUW,   cloud  
[2023/10/19 14:54:42 170] isr        1559 0  4  
[2023/10/19 14:54:42 170] isr        1592 aud end, USER  
[2023/10/19 14:54:42 171] isr        854  [aud] speech end  
[2023/10/19 14:54:42 173] isr        798  3  msc  
[2023/10/19 14:54:42 173] isr        1636 ASR_MSG_GRSLT,   cloud  
[2023/10/19 14:54:42 173] isr        1335 0  nil  2  
[2023/10/19 14:54:42 209] isr        662  cloud_rslt_cb status =   0  
[2023/10/19 14:54:42 210] isr        641  process_result call:  cloud  udata(77c5aab8) 0  nil  
[2023/10/19 14:54:42 223] isr        700  cloud_status_cb, eps:  3  
[2023/10/19 14:54:42 223] isr        798  3  cloud  
[2023/10/19 14:54:42 223] isr        800  already speech end  
[2023/10/19 14:54:42 224] isr        662  cloud_rslt_cb status =   5  
[2023/10/19 14:54:42 224] isr        641  process_result call:  cloud  udata(77c59528) 5  nil  
[2023/10/19 14:54:42 224] isr        798  3  msc  
[2023/10/19 14:54:42 224] isr        800  already speech end  
[2023/10/19 14:54:42 278] isr        1636 ASR_MSG_GRSLT,   cloud  
[2023/10/19 14:54:42 278] isr        1335 0  udata(77c5aab8) 0  
[2023/10/19 14:54:42 401] isr        1636 ASR_MSG_GRSLT,   cloud  
[2023/10/19 14:54:42 401] isr        1335 0  udata(77c59528) 5  
[2023/10/19 14:54:42 509] isr        1639 ASR_MSG_SSE,   cloud  
[2023/10/19 14:54:42 509] isr        1356 session_end() [in]  
[2023/10/19 14:54:42 509] isr        1421 cloud_session_end() [in]  
[2023/10/19 14:54:42 510] isr        1488 ns_host=  open.xf-yun.com  
[2023/10/19 14:54:42 510] isr        1498 tick()mod=  412500281  
[2023/10/19 14:54:42 510] isr        1499 tick()=  412500281  
[2023/10/19 14:54:42 510] isr        1501 diff=  3047  
[2023/10/19 14:54:42 510] isr        1514 cloud_session_end() [out]  
[2023/10/19 14:54:42 512] isr        1667 isr unload!  
============================================================
Time  2023/10/19 23:03:30 430 
============================================================
[2023/10/19 23:03:30 430] isr        1659 isr loaded!  
[2023/10/19 23:03:30 430] isr        1642 SYS_MSG_REGCB param0 =   msp_status_cb  param1 =   func(5eaa42f0) 
[2023/10/19 23:03:30 430] isr        1537 ASR_MSG_SSB  
[2023/10/19 23:03:30 430] isr        1066 session_begin() [in], params:   sub = iat, domain = iat, language = zh_cn, accent = mandarin, sample_rate = 16000, result_type = plain, result_encoding = gb2312Íýýýý  nil  
[2023/10/19 23:03:30 430] isr        927  vad_set [in]  
[2023/10/19 23:03:30 430] isr        962  vad_enable :  true  
[2023/10/19 23:03:30 430] isr        980  vad_bos :  10000  
[2023/10/19 23:03:30 430] isr        981  vad_eos :  2000  
[2023/10/19 23:03:30 430] isr        886  enable_vad [in]  
[2023/10/19 23:03:30 430] isr        918  vad enabled!  2000  10000  
[2023/10/19 23:03:30 430] isr        921  enable_vad [out]  
[2023/10/19 23:03:30 430] isr        987  vad_set [out] | ret =  0  
[2023/10/19 23:03:30 430] isr        1187 cur_engine_type =   cloud  
[2023/10/19 23:03:30 430] isr        1001 cloud_session_begin  
[2023/10/19 23:03:30 437] isr        1013 unknown  
[2023/10/19 23:03:30 437] isr        1547 ASR_MSG_AUW,   cloud  
[2023/10/19 23:03:30 437] isr        1559 6400  1  
[2023/10/19 23:03:30 437] isr        1569 once_bytes:   6400  
[2023/10/19 23:03:30 437] isr        1547 ASR_MSG_AUW,   cloud  
[2023/10/19 23:03:30 437] isr        1559 6400  2  
[2023/10/19 23:03:30 446] isr        1547 ASR_MSG_AUW,   cloud  
[2023/10/19 23:03:30 446] isr        1559 6400  2  
[2023/10/19 23:03:30 446] isr        1547 ASR_MSG_AUW,   cloud  
[2023/10/19 23:03:30 446] isr        1559 6400  2  
[2023/10/19 23:03:30 461] isr        851  [aud] speech start  
[2023/10/19 23:03:30 461] isr        798  1  msc  
[2023/10/19 23:03:30 467] isr        1547 ASR_MSG_AUW,   cloud  
[2023/10/19 23:03:30 467] isr        1559 6400  2  
[2023/10/19 23:03:30 477] isr        1547 ASR_MSG_AUW,   cloud  
[2023/10/19 23:03:30 477] isr        1559 6400  2  
[2023/10/19 23:03:30 482] isr        1547 ASR_MSG_AUW,   cloud  
[2023/10/19 23:03:30 482] isr        1559 6400  2  
[2023/10/19 23:03:30 493] isr        1547 ASR_MSG_AUW,   cloud  
[2023/10/19 23:03:30 493] isr        1559 6400  2  
[2023/10/19 23:03:30 493] isr        1547 ASR_MSG_AUW,   cloud  
[2023/10/19 23:03:30 493] isr        1559 6400  2  
[2023/10/19 23:03:30 496] isr        1547 ASR_MSG_AUW,   cloud  
[2023/10/19 23:03:30 496] isr        1559 6400  2  
[2023/10/19 23:03:30 499] isr        1547 ASR_MSG_AUW,   cloud  
[2023/10/19 23:03:30 499] isr        1559 6400  2  
[2023/10/19 23:03:30 500] isr        1547 ASR_MSG_AUW,   cloud  
[2023/10/19 23:03:30 500] isr        1559 6400  2  
[2023/10/19 23:03:30 509] isr        1547 ASR_MSG_AUW,   cloud  
[2023/10/19 23:03:30 509] isr        1559 6400  2  
[2023/10/19 23:03:30 509] isr        1547 ASR_MSG_AUW,   cloud  
[2023/10/19 23:03:30 509] isr        1559 6400  2  
[2023/10/19 23:03:30 515] isr        1547 ASR_MSG_AUW,   cloud  
[2023/10/19 23:03:30 515] isr        1559 6400  2  
[2023/10/19 23:03:30 516] isr        1547 ASR_MSG_AUW,   cloud  
[2023/10/19 23:03:30 516] isr        1559 6400  2  
[2023/10/19 23:03:30 516] isr        1547 ASR_MSG_AUW,   cloud  
[2023/10/19 23:03:30 516] isr        1559 6400  2  
[2023/10/19 23:03:30 516] isr        1547 ASR_MSG_AUW,   cloud  
[2023/10/19 23:03:30 516] isr        1559 6400  2  
[2023/10/19 23:03:30 525] isr        1547 ASR_MSG_AUW,   cloud  
[2023/10/19 23:03:30 525] isr        1559 6400  2  
[2023/10/19 23:03:30 526] isr        1547 ASR_MSG_AUW,   cloud  
[2023/10/19 23:03:30 526] isr        1559 6400  2  
[2023/10/19 23:03:30 526] isr        1547 ASR_MSG_AUW,   cloud  
[2023/10/19 23:03:30 526] isr        1559 6400  2  
[2023/10/19 23:03:30 526] isr        1547 ASR_MSG_AUW,   cloud  
[2023/10/19 23:03:30 526] isr        1559 6400  2  
[2023/10/19 23:03:30 528] isr        1547 ASR_MSG_AUW,   cloud  
[2023/10/19 23:03:30 528] isr        1559 7420  2  
[2023/10/19 23:03:30 529] isr        1547 ASR_MSG_AUW,   cloud  
[2023/10/19 23:03:30 529] isr        1559 0  4  
[2023/10/19 23:03:30 529] isr        1592 aud end, USER  
[2023/10/19 23:03:30 533] isr        854  [aud] speech end  
[2023/10/19 23:03:30 533] isr        798  3  msc  
[2023/10/19 23:03:30 533] isr        1636 ASR_MSG_GRSLT,   cloud  
[2023/10/19 23:03:30 533] isr        1335 0  nil  2  
[2023/10/19 23:03:30 598] isr        707  cloud_status_cb, start local.  
[2023/10/19 23:03:30 645] isr        1636 ASR_MSG_GRSLT,   cloud  
[2023/10/19 23:03:30 645] isr        1335 0  nil  2  
[2023/10/19 23:03:30 750] isr        1636 ASR_MSG_GRSLT,   cloud  
[2023/10/19 23:03:30 750] isr        1335 0  nil  2  
[2023/10/19 23:03:30 851] isr        1636 ASR_MSG_GRSLT,   cloud  
[2023/10/19 23:03:30 851] isr        1335 0  nil  2  
[2023/10/19 23:03:30 964] isr        1636 ASR_MSG_GRSLT,   cloud  
[2023/10/19 23:03:30 967] isr        1335 0  nil  2  
[2023/10/19 23:03:31 081] isr        1636 ASR_MSG_GRSLT,   cloud  
[2023/10/19 23:03:31 082] isr        1335 0  nil  2  
[2023/10/19 23:03:31 190] isr        1636 ASR_MSG_GRSLT,   cloud  
[2023/10/19 23:03:31 190] isr        1335 0  nil  2  
[2023/10/19 23:03:31 293] isr        1636 ASR_MSG_GRSLT,   cloud  
[2023/10/19 23:03:31 293] isr        1335 0  nil  2  
[2023/10/19 23:03:31 404] isr        1636 ASR_MSG_GRSLT,   cloud  
[2023/10/19 23:03:31 404] isr        1335 0  nil  2  
[2023/10/19 23:03:31 470] isr        700  cloud_status_cb, eps:  3  
[2023/10/19 23:03:31 470] isr        798  3  cloud  
[2023/10/19 23:03:31 470] isr        800  already speech end  
[2023/10/19 23:03:31 470] isr        662  cloud_rslt_cb status =   5  
[2023/10/19 23:03:31 470] isr        641  process_result call:  cloud  udata(5f0bee38) 5  nil  
[2023/10/19 23:03:31 470] isr        798  3  msc  
[2023/10/19 23:03:31 480] isr        800  already speech end  
[2023/10/19 23:03:31 515] isr        1636 ASR_MSG_GRSLT,   cloud  
[2023/10/19 23:03:31 515] isr        1335 0  udata(5f0bee38) 5  
[2023/10/19 23:03:31 632] isr        1639 ASR_MSG_SSE,   cloud  
[2023/10/19 23:03:31 632] isr        1356 session_end() [in]  
[2023/10/19 23:03:31 632] isr        1421 cloud_session_end() [in]  
[2023/10/19 23:03:31 637] isr        1488 ns_host=  open.xf-yun.com  
[2023/10/19 23:03:31 638] isr        1514 cloud_session_end() [out]  
[2023/10/19 23:03:31 641] isr        1667 isr unload!  
============================================================
Time  2023/10/19 23:22:13 325 
============================================================
[2023/10/19 23:22:13 325] isr        1659 isr loaded!  
[2023/10/19 23:22:13 326] isr        1642 SYS_MSG_REGCB param0 =   msp_status_cb  param1 =   func(a6b663a0) 
[2023/10/19 23:22:13 328] isr        1537 ASR_MSG_SSB  
[2023/10/19 23:22:13 328] isr        1066 session_begin() [in], params:   sub = iat, domain = iat, language = zh_cn, accent = mandarin, sample_rate = 16000, result_type = plain, result_encoding = gb2312Íýýýý  nil  
[2023/10/19 23:22:13 328] isr        927  vad_set [in]  
[2023/10/19 23:22:13 328] isr        962  vad_enable :  true  
[2023/10/19 23:22:13 328] isr        980  vad_bos :  10000  
[2023/10/19 23:22:13 328] isr        981  vad_eos :  2000  
[2023/10/19 23:22:13 328] isr        886  enable_vad [in]  
[2023/10/19 23:22:13 332] isr        918  vad enabled!  2000  10000  
[2023/10/19 23:22:13 332] isr        921  enable_vad [out]  
[2023/10/19 23:22:13 332] isr        987  vad_set [out] | ret =  0  
[2023/10/19 23:22:13 332] isr        1187 cur_engine_type =   cloud  
[2023/10/19 23:22:13 332] isr        1001 cloud_session_begin  
[2023/10/19 23:22:13 334] isr        1013 unknown  
[2023/10/19 23:22:13 579] isr        1547 ASR_MSG_AUW,   cloud  
[2023/10/19 23:22:13 581] isr        1559 6400  1  
[2023/10/19 23:22:13 581] isr        1569 once_bytes:   6400  
[2023/10/19 23:22:13 585] isr        851  [aud] speech start  
[2023/10/19 23:22:13 586] isr        798  1  msc  
[2023/10/19 23:22:13 779] isr        1547 ASR_MSG_AUW,   cloud  
[2023/10/19 23:22:13 779] isr        1559 6400  2  
[2023/10/19 23:22:13 979] isr        1547 ASR_MSG_AUW,   cloud  
[2023/10/19 23:22:13 979] isr        1559 6400  2  
[2023/10/19 23:22:14 178] isr        1547 ASR_MSG_AUW,   cloud  
[2023/10/19 23:22:14 178] isr        1559 6400  2  
[2023/10/19 23:22:14 380] isr        1547 ASR_MSG_AUW,   cloud  
[2023/10/19 23:22:14 380] isr        1559 6400  2  
[2023/10/19 23:22:14 579] isr        1547 ASR_MSG_AUW,   cloud  
[2023/10/19 23:22:14 579] isr        1559 6400  2  
[2023/10/19 23:22:14 779] isr        1547 ASR_MSG_AUW,   cloud  
[2023/10/19 23:22:14 779] isr        1559 6400  2  
[2023/10/19 23:22:14 980] isr        1547 ASR_MSG_AUW,   cloud  
[2023/10/19 23:22:14 980] isr        1559 6400  2  
[2023/10/19 23:22:15 178] isr        1547 ASR_MSG_AUW,   cloud  
[2023/10/19 23:22:15 178] isr        1559 6400  2  
[2023/10/19 23:22:15 378] isr        1547 ASR_MSG_AUW,   cloud  
[2023/10/19 23:22:15 378] isr        1559 6400  2  
[2023/10/19 23:22:15 578] isr        1547 ASR_MSG_AUW,   cloud  
[2023/10/19 23:22:15 578] isr        1559 6400  2  
[2023/10/19 23:22:15 779] isr        1547 ASR_MSG_AUW,   cloud  
[2023/10/19 23:22:15 779] isr        1559 6400  2  
[2023/10/19 23:22:15 930] isr        1547 ASR_MSG_AUW,   cloud  
[2023/10/19 23:22:15 930] isr        1559 4738  2  
[2023/10/19 23:22:15 947] isr        1547 ASR_MSG_AUW,   cloud  
[2023/10/19 23:22:15 947] isr        1559 0  4  
[2023/10/19 23:22:15 947] isr        1592 aud end, USER  
[2023/10/19 23:22:15 948] isr        1636 ASR_MSG_GRSLT,   cloud  
[2023/10/19 23:22:15 948] isr        1335 0  nil  2  
[2023/10/19 23:22:15 950] isr        854  [aud] speech end  
[2023/10/19 23:22:15 951] isr        798  3  msc  
[2023/10/19 23:22:15 953] isr        707  cloud_status_cb, start local.  
[2023/10/19 23:22:16 056] isr        1636 ASR_MSG_GRSLT,   cloud  
[2023/10/19 23:22:16 056] isr        1335 0  nil  2  
[2023/10/19 23:22:16 161] isr        1636 ASR_MSG_GRSLT,   cloud  
[2023/10/19 23:22:16 161] isr        1335 0  nil  2  
[2023/10/19 23:22:16 272] isr        1636 ASR_MSG_GRSLT,   cloud  
[2023/10/19 23:22:16 272] isr        1335 0  nil  2  
[2023/10/19 23:22:16 380] isr        1636 ASR_MSG_GRSLT,   cloud  
[2023/10/19 23:22:16 380] isr        1335 0  nil  2  
[2023/10/19 23:22:16 490] isr        1636 ASR_MSG_GRSLT,   cloud  
[2023/10/19 23:22:16 490] isr        1335 0  nil  2  
[2023/10/19 23:22:16 601] isr        1636 ASR_MSG_GRSLT,   cloud  
[2023/10/19 23:22:16 601] isr        1335 0  nil  2  
[2023/10/19 23:22:16 710] isr        1636 ASR_MSG_GRSLT,   cloud  
[2023/10/19 23:22:16 710] isr        1335 0  nil  2  
[2023/10/19 23:22:16 819] isr        1636 ASR_MSG_GRSLT,   cloud  
[2023/10/19 23:22:16 819] isr        1335 0  nil  2  
[2023/10/19 23:22:16 930] isr        1636 ASR_MSG_GRSLT,   cloud  
[2023/10/19 23:22:16 930] isr        1335 0  nil  2  
[2023/10/19 23:22:17 036] isr        1636 ASR_MSG_GRSLT,   cloud  
[2023/10/19 23:22:17 036] isr        1335 0  nil  2  
[2023/10/19 23:22:17 144] isr        1636 ASR_MSG_GRSLT,   cloud  
[2023/10/19 23:22:17 144] isr        1335 0  nil  2  
[2023/10/19 23:22:17 253] isr        1636 ASR_MSG_GRSLT,   cloud  
[2023/10/19 23:22:17 253] isr        1335 0  nil  2  
[2023/10/19 23:22:17 364] isr        1636 ASR_MSG_GRSLT,   cloud  
[2023/10/19 23:22:17 364] isr        1335 0  nil  2  
[2023/10/19 23:22:17 473] isr        1636 ASR_MSG_GRSLT,   cloud  
[2023/10/19 23:22:17 473] isr        1335 0  nil  2  
[2023/10/19 23:22:17 582] isr        1636 ASR_MSG_GRSLT,   cloud  
[2023/10/19 23:22:17 582] isr        1335 0  nil  2  
[2023/10/19 23:22:17 690] isr        1636 ASR_MSG_GRSLT,   cloud  
[2023/10/19 23:22:17 690] isr        1335 0  nil  2  
[2023/10/19 23:22:17 799] isr        1636 ASR_MSG_GRSLT,   cloud  
[2023/10/19 23:22:17 799] isr        1335 0  nil  2  
[2023/10/19 23:22:17 907] isr        1636 ASR_MSG_GRSLT,   cloud  
[2023/10/19 23:22:17 907] isr        1335 0  nil  2  
[2023/10/19 23:22:18 017] isr        1636 ASR_MSG_GRSLT,   cloud  
[2023/10/19 23:22:18 017] isr        1335 0  nil  2  
[2023/10/19 23:22:18 130] isr        1636 ASR_MSG_GRSLT,   cloud  
[2023/10/19 23:22:18 130] isr        1335 0  nil  2  
[2023/10/19 23:22:18 237] isr        1636 ASR_MSG_GRSLT,   cloud  
[2023/10/19 23:22:18 237] isr        1335 0  nil  2  
[2023/10/19 23:22:18 358] isr        1636 ASR_MSG_GRSLT,   cloud  
[2023/10/19 23:22:18 358] isr        1335 0  nil  2  
[2023/10/19 23:22:18 476] isr        1636 ASR_MSG_GRSLT,   cloud  
[2023/10/19 23:22:18 476] isr        1335 0  nil  2  
[2023/10/19 23:22:18 581] isr        1636 ASR_MSG_GRSLT,   cloud  
[2023/10/19 23:22:18 581] isr        1335 0  nil  2  
[2023/10/19 23:22:18 687] isr        1636 ASR_MSG_GRSLT,   cloud  
[2023/10/19 23:22:18 687] isr        1335 0  nil  2  
[2023/10/19 23:22:18 799] isr        1636 ASR_MSG_GRSLT,   cloud  
[2023/10/19 23:22:18 799] isr        1335 0  nil  2  
[2023/10/19 23:22:18 907] isr        1636 ASR_MSG_GRSLT,   cloud  
[2023/10/19 23:22:18 907] isr        1335 0  nil  2  
[2023/10/19 23:22:19 016] isr        1636 ASR_MSG_GRSLT,   cloud  
[2023/10/19 23:22:19 016] isr        1335 0  nil  2  
[2023/10/19 23:22:19 124] isr        1636 ASR_MSG_GRSLT,   cloud  
[2023/10/19 23:22:19 124] isr        1335 0  nil  2  
[2023/10/19 23:22:19 233] isr        1636 ASR_MSG_GRSLT,   cloud  
[2023/10/19 23:22:19 233] isr        1335 0  nil  2  
[2023/10/19 23:22:19 342] isr        1636 ASR_MSG_GRSLT,   cloud  
[2023/10/19 23:22:19 342] isr        1335 0  nil  2  
[2023/10/19 23:22:19 451] isr        1636 ASR_MSG_GRSLT,   cloud  
[2023/10/19 23:22:19 451] isr        1335 0  nil  2  
[2023/10/19 23:22:19 559] isr        1636 ASR_MSG_GRSLT,   cloud  
[2023/10/19 23:22:19 559] isr        1335 0  nil  2  
[2023/10/19 23:22:19 670] isr        1636 ASR_MSG_GRSLT,   cloud  
[2023/10/19 23:22:19 670] isr        1335 0  nil  2  
[2023/10/19 23:22:19 776] isr        1636 ASR_MSG_GRSLT,   cloud  
[2023/10/19 23:22:19 776] isr        1335 0  nil  2  
[2023/10/19 23:22:19 888] isr        1636 ASR_MSG_GRSLT,   cloud  
[2023/10/19 23:22:19 888] isr        1335 0  nil  2  
[2023/10/19 23:22:19 997] isr        1636 ASR_MSG_GRSLT,   cloud  
[2023/10/19 23:22:19 997] isr        1335 0  nil  2  
[2023/10/19 23:22:20 108] isr        1636 ASR_MSG_GRSLT,   cloud  
[2023/10/19 23:22:20 108] isr        1335 0  nil  2  
[2023/10/19 23:22:20 217] isr        1636 ASR_MSG_GRSLT,   cloud  
[2023/10/19 23:22:20 217] isr        1335 0  nil  2  
[2023/10/19 23:22:20 328] isr        1636 ASR_MSG_GRSLT,   cloud  
[2023/10/19 23:22:20 328] isr        1335 0  nil  2  
[2023/10/19 23:22:20 437] isr        1636 ASR_MSG_GRSLT,   cloud  
[2023/10/19 23:22:20 437] isr        1335 0  nil  2  
[2023/10/19 23:22:20 542] isr        1636 ASR_MSG_GRSLT,   cloud  
[2023/10/19 23:22:20 542] isr        1335 0  nil  2  
[2023/10/19 23:22:20 651] isr        1636 ASR_MSG_GRSLT,   cloud  
[2023/10/19 23:22:20 651] isr        1335 0  nil  2  
[2023/10/19 23:22:20 760] isr        1636 ASR_MSG_GRSLT,   cloud  
[2023/10/19 23:22:20 760] isr        1335 0  nil  2  
[2023/10/19 23:22:20 871] isr        1636 ASR_MSG_GRSLT,   cloud  
[2023/10/19 23:22:20 871] isr        1335 0  nil  2  
[2023/10/19 23:22:20 983] isr        1636 ASR_MSG_GRSLT,   cloud  
[2023/10/19 23:22:20 983] isr        1335 0  nil  2  
[2023/10/19 23:22:21 092] isr        1636 ASR_MSG_GRSLT,   cloud  
[2023/10/19 23:22:21 092] isr        1335 0  nil  2  
[2023/10/19 23:22:21 201] isr        1636 ASR_MSG_GRSLT,   cloud  
[2023/10/19 23:22:21 203] isr        1335 0  nil  2  
[2023/10/19 23:22:21 312] isr        1636 ASR_MSG_GRSLT,   cloud  
[2023/10/19 23:22:21 315] isr        1335 0  nil  2  
[2023/10/19 23:22:21 426] isr        1636 ASR_MSG_GRSLT,   cloud  
[2023/10/19 23:22:21 426] isr        1335 0  nil  2  
[2023/10/19 23:22:21 532] isr        1636 ASR_MSG_GRSLT,   cloud  
[2023/10/19 23:22:21 532] isr        1335 0  nil  2  
[2023/10/19 23:22:21 641] isr        1636 ASR_MSG_GRSLT,   cloud  
[2023/10/19 23:22:21 641] isr        1335 0  nil  2  
[2023/10/19 23:22:21 753] isr        1636 ASR_MSG_GRSLT,   cloud  
[2023/10/19 23:22:21 753] isr        1335 0  nil  2  
[2023/10/19 23:22:21 862] isr        1636 ASR_MSG_GRSLT,   cloud  
[2023/10/19 23:22:21 862] isr        1335 0  nil  2  
[2023/10/19 23:22:21 971] isr        1636 ASR_MSG_GRSLT,   cloud  
[2023/10/19 23:22:21 971] isr        1335 0  nil  2  
[2023/10/19 23:22:22 082] isr        1636 ASR_MSG_GRSLT,   cloud  
[2023/10/19 23:22:22 082] isr        1335 0  nil  2  
[2023/10/19 23:22:22 196] isr        1636 ASR_MSG_GRSLT,   cloud  
[2023/10/19 23:22:22 196] isr        1335 0  nil  2  
[2023/10/19 23:22:22 305] isr        1636 ASR_MSG_GRSLT,   cloud  
[2023/10/19 23:22:22 305] isr        1335 0  nil  2  
[2023/10/19 23:22:22 414] isr        1636 ASR_MSG_GRSLT,   cloud  
[2023/10/19 23:22:22 414] isr        1335 0  nil  2  
[2023/10/19 23:22:22 526] isr        1636 ASR_MSG_GRSLT,   cloud  
[2023/10/19 23:22:22 526] isr        1335 0  nil  2  
[2023/10/19 23:22:22 635] isr        1636 ASR_MSG_GRSLT,   cloud  
[2023/10/19 23:22:22 635] isr        1335 0  nil  2  
[2023/10/19 23:22:22 746] isr        1636 ASR_MSG_GRSLT,   cloud  
[2023/10/19 23:22:22 746] isr        1335 0  nil  2  
[2023/10/19 23:22:22 858] isr        1636 ASR_MSG_GRSLT,   cloud  
[2023/10/19 23:22:22 858] isr        1335 0  nil  2  
[2023/10/19 23:22:22 969] isr        1636 ASR_MSG_GRSLT,   cloud  
[2023/10/19 23:22:22 969] isr        1335 0  nil  2  
[2023/10/19 23:22:23 079] isr        1636 ASR_MSG_GRSLT,   cloud  
[2023/10/19 23:22:23 079] isr        1335 0  nil  2  
[2023/10/19 23:22:23 191] isr        1636 ASR_MSG_GRSLT,   cloud  
[2023/10/19 23:22:23 191] isr        1335 0  nil  2  
[2023/10/19 23:22:23 302] isr        1636 ASR_MSG_GRSLT,   cloud  
[2023/10/19 23:22:23 302] isr        1335 0  nil  2  
[2023/10/19 23:22:23 411] isr        1636 ASR_MSG_GRSLT,   cloud  
[2023/10/19 23:22:23 411] isr        1335 0  nil  2  
[2023/10/19 23:22:23 519] isr        1636 ASR_MSG_GRSLT,   cloud  
[2023/10/19 23:22:23 519] isr        1335 0  nil  2  
[2023/10/19 23:22:23 632] isr        1636 ASR_MSG_GRSLT,   cloud  
[2023/10/19 23:22:23 632] isr        1335 0  nil  2  
[2023/10/19 23:22:23 740] isr        1636 ASR_MSG_GRSLT,   cloud  
[2023/10/19 23:22:23 740] isr        1335 0  nil  2  
[2023/10/19 23:22:23 849] isr        1636 ASR_MSG_GRSLT,   cloud  
[2023/10/19 23:22:23 849] isr        1335 0  nil  2  
[2023/10/19 23:22:23 959] isr        1636 ASR_MSG_GRSLT,   cloud  
[2023/10/19 23:22:23 959] isr        1335 0  nil  2  
[2023/10/19 23:22:24 066] isr        1636 ASR_MSG_GRSLT,   cloud  
[2023/10/19 23:22:24 068] isr        1335 0  nil  2  
[2023/10/19 23:22:24 176] isr        1636 ASR_MSG_GRSLT,   cloud  
[2023/10/19 23:22:24 176] isr        1335 0  nil  2  
[2023/10/19 23:22:24 283] isr        1636 ASR_MSG_GRSLT,   cloud  
[2023/10/19 23:22:24 283] isr        1335 0  nil  2  
[2023/10/19 23:22:24 394] isr        1636 ASR_MSG_GRSLT,   cloud  
[2023/10/19 23:22:24 394] isr        1335 0  nil  2  
[2023/10/19 23:22:24 506] isr        1636 ASR_MSG_GRSLT,   cloud  
[2023/10/19 23:22:24 506] isr        1335 0  nil  2  
[2023/10/19 23:22:24 612] isr        1636 ASR_MSG_GRSLT,   cloud  
[2023/10/19 23:22:24 612] isr        1335 0  nil  2  
[2023/10/19 23:22:24 726] isr        1636 ASR_MSG_GRSLT,   cloud  
[2023/10/19 23:22:24 726] isr        1335 0  nil  2  
[2023/10/19 23:22:24 835] isr        1636 ASR_MSG_GRSLT,   cloud  
[2023/10/19 23:22:24 835] isr        1335 0  nil  2  
[2023/10/19 23:22:24 947] isr        1636 ASR_MSG_GRSLT,   cloud  
[2023/10/19 23:22:24 947] isr        1335 0  nil  2  
[2023/10/19 23:22:25 055] isr        1636 ASR_MSG_GRSLT,   cloud  
[2023/10/19 23:22:25 055] isr        1335 0  nil  2  
[2023/10/19 23:22:25 167] isr        1636 ASR_MSG_GRSLT,   cloud  
[2023/10/19 23:22:25 167] isr        1335 0  nil  2  
[2023/10/19 23:22:25 275] isr        1636 ASR_MSG_GRSLT,   cloud  
[2023/10/19 23:22:25 276] isr        1335 0  nil  2  
[2023/10/19 23:22:25 384] isr        1636 ASR_MSG_GRSLT,   cloud  
[2023/10/19 23:22:25 384] isr        1335 0  nil  2  
[2023/10/19 23:22:25 496] isr        1636 ASR_MSG_GRSLT,   cloud  
[2023/10/19 23:22:25 496] isr        1335 0  nil  2  
[2023/10/19 23:22:25 608] isr        1636 ASR_MSG_GRSLT,   cloud  
[2023/10/19 23:22:25 608] isr        1335 0  nil  2  
[2023/10/19 23:22:25 717] isr        1636 ASR_MSG_GRSLT,   cloud  
[2023/10/19 23:22:25 717] isr        1335 0  nil  2  
[2023/10/19 23:22:25 831] isr        1636 ASR_MSG_GRSLT,   cloud  
[2023/10/19 23:22:25 831] isr        1335 0  nil  2  
[2023/10/19 23:22:25 937] isr        1636 ASR_MSG_GRSLT,   cloud  
[2023/10/19 23:22:25 940] isr        1335 0  nil  2  
[2023/10/19 23:22:26 052] isr        1636 ASR_MSG_GRSLT,   cloud  
[2023/10/19 23:22:26 052] isr        1335 0  nil  2  
[2023/10/19 23:22:26 158] isr        1636 ASR_MSG_GRSLT,   cloud  
[2023/10/19 23:22:26 158] isr        1335 0  nil  2  
[2023/10/19 23:22:26 269] isr        1636 ASR_MSG_GRSLT,   cloud  
[2023/10/19 23:22:26 269] isr        1335 0  nil  2  
[2023/10/19 23:22:26 380] isr        1636 ASR_MSG_GRSLT,   cloud  
[2023/10/19 23:22:26 380] isr        1335 0  nil  2  
[2023/10/19 23:22:26 489] isr        1636 ASR_MSG_GRSLT,   cloud  
[2023/10/19 23:22:26 489] isr        1335 0  nil  2  
[2023/10/19 23:22:26 595] isr        1636 ASR_MSG_GRSLT,   cloud  
[2023/10/19 23:22:26 595] isr        1335 0  nil  2  
[2023/10/19 23:22:26 707] isr        1636 ASR_MSG_GRSLT,   cloud  
[2023/10/19 23:22:26 707] isr        1335 0  nil  2  
[2023/10/19 23:22:26 815] isr        1636 ASR_MSG_GRSLT,   cloud  
[2023/10/19 23:22:26 815] isr        1335 0  nil  2  
[2023/10/19 23:22:26 924] isr        1636 ASR_MSG_GRSLT,   cloud  
[2023/10/19 23:22:26 924] isr        1335 0  nil  2  
[2023/10/19 23:22:27 036] isr        1636 ASR_MSG_GRSLT,   cloud  
[2023/10/19 23:22:27 036] isr        1335 0  nil  2  
[2023/10/19 23:22:27 144] isr        1636 ASR_MSG_GRSLT,   cloud  
[2023/10/19 23:22:27 144] isr        1335 0  nil  2  
[2023/10/19 23:22:27 253] isr        1636 ASR_MSG_GRSLT,   cloud  
[2023/10/19 23:22:27 253] isr        1335 0  nil  2  
[2023/10/19 23:22:27 361] isr        1636 ASR_MSG_GRSLT,   cloud  
[2023/10/19 23:22:27 361] isr        1335 0  nil  2  
[2023/10/19 23:22:27 470] isr        1636 ASR_MSG_GRSLT,   cloud  
[2023/10/19 23:22:27 470] isr        1335 0  nil  2  
[2023/10/19 23:22:27 578] isr        1636 ASR_MSG_GRSLT,   cloud  
[2023/10/19 23:22:27 578] isr        1335 0  nil  2  
[2023/10/19 23:22:27 688] isr        1636 ASR_MSG_GRSLT,   cloud  
[2023/10/19 23:22:27 688] isr        1335 0  nil  2  
[2023/10/19 23:22:27 799] isr        1636 ASR_MSG_GRSLT,   cloud  
[2023/10/19 23:22:27 799] isr        1335 0  nil  2  
[2023/10/19 23:22:27 910] isr        1636 ASR_MSG_GRSLT,   cloud  
[2023/10/19 23:22:27 910] isr        1335 0  nil  2  
[2023/10/19 23:22:28 015] isr        1636 ASR_MSG_GRSLT,   cloud  
[2023/10/19 23:22:28 015] isr        1335 0  nil  2  
[2023/10/19 23:22:28 125] isr        1636 ASR_MSG_GRSLT,   cloud  
[2023/10/19 23:22:28 125] isr        1335 0  nil  2  
[2023/10/19 23:22:28 233] isr        1636 ASR_MSG_GRSLT,   cloud  
[2023/10/19 23:22:28 236] isr        1335 0  nil  2  
[2023/10/19 23:22:28 345] isr        1636 ASR_MSG_GRSLT,   cloud  
[2023/10/19 23:22:28 345] isr        1335 0  nil  2  
[2023/10/19 23:22:28 453] isr        1636 ASR_MSG_GRSLT,   cloud  
[2023/10/19 23:22:28 453] isr        1335 0  nil  2  
[2023/10/19 23:22:28 563] isr        1636 ASR_MSG_GRSLT,   cloud  
[2023/10/19 23:22:28 563] isr        1335 0  nil  2  
[2023/10/19 23:22:28 670] isr        1636 ASR_MSG_GRSLT,   cloud  
[2023/10/19 23:22:28 670] isr        1335 0  nil  2  
[2023/10/19 23:22:28 782] isr        1636 ASR_MSG_GRSLT,   cloud  
[2023/10/19 23:22:28 782] isr        1335 0  nil  2  
[2023/10/19 23:22:28 890] isr        1636 ASR_MSG_GRSLT,   cloud  
[2023/10/19 23:22:28 891] isr        1335 0  nil  2  
[2023/10/19 23:22:28 999] isr        1636 ASR_MSG_GRSLT,   cloud  
[2023/10/19 23:22:28 999] isr        1335 0  nil  2  
[2023/10/19 23:22:29 108] isr        1636 ASR_MSG_GRSLT,   cloud  
[2023/10/19 23:22:29 108] isr        1335 0  nil  2  
[2023/10/19 23:22:29 219] isr        1636 ASR_MSG_GRSLT,   cloud  
[2023/10/19 23:22:29 219] isr        1335 0  nil  2  
[2023/10/19 23:22:29 331] isr        1636 ASR_MSG_GRSLT,   cloud  
[2023/10/19 23:22:29 332] isr        1335 0  nil  2  
[2023/10/19 23:22:29 437] isr        1636 ASR_MSG_GRSLT,   cloud  
[2023/10/19 23:22:29 438] isr        1335 0  nil  2  
[2023/10/19 23:22:29 549] isr        1636 ASR_MSG_GRSLT,   cloud  
[2023/10/19 23:22:29 549] isr        1335 0  nil  2  
[2023/10/19 23:22:29 657] isr        1636 ASR_MSG_GRSLT,   cloud  
[2023/10/19 23:22:29 658] isr        1335 0  nil  2  
[2023/10/19 23:22:29 766] isr        1636 ASR_MSG_GRSLT,   cloud  
[2023/10/19 23:22:29 767] isr        1335 0  nil  2  
[2023/10/19 23:22:29 892] isr        1636 ASR_MSG_GRSLT,   cloud  
[2023/10/19 23:22:29 892] isr        1335 0  nil  2  
[2023/10/19 23:22:30 000] isr        1636 ASR_MSG_GRSLT,   cloud  
[2023/10/19 23:22:30 000] isr        1335 0  nil  2  
[2023/10/19 23:22:30 109] isr        1636 ASR_MSG_GRSLT,   cloud  
[2023/10/19 23:22:30 111] isr        1335 0  nil  2  
[2023/10/19 23:22:30 220] isr        1636 ASR_MSG_GRSLT,   cloud  
[2023/10/19 23:22:30 220] isr        1335 0  nil  2  
[2023/10/19 23:22:30 331] isr        1636 ASR_MSG_GRSLT,   cloud  
[2023/10/19 23:22:30 331] isr        1335 0  nil  2  
[2023/10/19 23:22:30 446] isr        1636 ASR_MSG_GRSLT,   cloud  
[2023/10/19 23:22:30 446] isr        1335 0  nil  2  
[2023/10/19 23:22:30 558] isr        1636 ASR_MSG_GRSLT,   cloud  
[2023/10/19 23:22:30 558] isr        1335 0  nil  2  
[2023/10/19 23:22:30 661] isr        1636 ASR_MSG_GRSLT,   cloud  
[2023/10/19 23:22:30 661] isr        1335 0  nil  2  
[2023/10/19 23:22:30 772] isr        1636 ASR_MSG_GRSLT,   cloud  
[2023/10/19 23:22:30 772] isr        1335 0  nil  2  
[2023/10/19 23:22:30 881] isr        1636 ASR_MSG_GRSLT,   cloud  
[2023/10/19 23:22:30 881] isr        1335 0  nil  2  
[2023/10/19 23:22:30 990] isr        1636 ASR_MSG_GRSLT,   cloud  
[2023/10/19 23:22:30 990] isr        1335 0  nil  2  
[2023/10/19 23:22:31 098] isr        1636 ASR_MSG_GRSLT,   cloud  
[2023/10/19 23:22:31 098] isr        1335 0  nil  2  
[2023/10/19 23:22:31 207] isr        1636 ASR_MSG_GRSLT,   cloud  
[2023/10/19 23:22:31 207] isr        1335 0  nil  2  
[2023/10/19 23:22:31 316] isr        1636 ASR_MSG_GRSLT,   cloud  
[2023/10/19 23:22:31 316] isr        1335 0  nil  2  
[2023/10/19 23:22:31 426] isr        1636 ASR_MSG_GRSLT,   cloud  
[2023/10/19 23:22:31 426] isr        1335 0  nil  2  
[2023/10/19 23:22:31 535] isr        1636 ASR_MSG_GRSLT,   cloud  
[2023/10/19 23:22:31 535] isr        1335 0  nil  2  
============================================================
Time  2023/10/19 23:23:07 358 
============================================================
[2023/10/19 23:23:07 359] isr        1659 isr loaded!  
[2023/10/19 23:23:07 359] isr        1642 SYS_MSG_REGCB param0 =   msp_status_cb  param1 =   func(64bf2210) 
[2023/10/19 23:23:07 361] isr        1537 ASR_MSG_SSB  
[2023/10/19 23:23:07 361] isr        1066 session_begin() [in], params:   sub = iat, domain = iat, language = zh_cn, accent = mandarin, sample_rate = 16000, result_type = plain, result_encoding = gb2312Íýýýý  nil  
[2023/10/19 23:23:07 361] isr        927  vad_set [in]  
[2023/10/19 23:23:07 361] isr        962  vad_enable :  true  
[2023/10/19 23:23:07 361] isr        980  vad_bos :  10000  
[2023/10/19 23:23:07 361] isr        981  vad_eos :  2000  
[2023/10/19 23:23:07 361] isr        886  enable_vad [in]  
[2023/10/19 23:23:07 365] isr        918  vad enabled!  2000  10000  
[2023/10/19 23:23:07 365] isr        921  enable_vad [out]  
[2023/10/19 23:23:07 365] isr        987  vad_set [out] | ret =  0  
[2023/10/19 23:23:07 365] isr        1187 cur_engine_type =   cloud  
[2023/10/19 23:23:07 365] isr        1001 cloud_session_begin  
[2023/10/19 23:23:07 365] isr        1013 unknown  
[2023/10/19 23:23:07 591] isr        1547 ASR_MSG_AUW,   cloud  
[2023/10/19 23:23:07 591] isr        1559 6400  1  
[2023/10/19 23:23:07 591] isr        1569 once_bytes:   6400  
[2023/10/19 23:23:07 595] isr        851  [aud] speech start  
[2023/10/19 23:23:07 595] isr        798  1  msc  
[2023/10/19 23:23:07 792] isr        1547 ASR_MSG_AUW,   cloud  
[2023/10/19 23:23:07 792] isr        1559 6400  2  
[2023/10/19 23:23:07 992] isr        1547 ASR_MSG_AUW,   cloud  
[2023/10/19 23:23:07 992] isr        1559 6400  2  
[2023/10/19 23:23:08 191] isr        1547 ASR_MSG_AUW,   cloud  
[2023/10/19 23:23:08 191] isr        1559 6400  2  
[2023/10/19 23:23:08 391] isr        1547 ASR_MSG_AUW,   cloud  
[2023/10/19 23:23:08 391] isr        1559 6400  2  
[2023/10/19 23:23:08 591] isr        1547 ASR_MSG_AUW,   cloud  
[2023/10/19 23:23:08 591] isr        1559 6400  2  
[2023/10/19 23:23:08 792] isr        1547 ASR_MSG_AUW,   cloud  
[2023/10/19 23:23:08 792] isr        1559 6400  2  
[2023/10/19 23:23:08 992] isr        1547 ASR_MSG_AUW,   cloud  
[2023/10/19 23:23:08 993] isr        1559 6400  2  
[2023/10/19 23:23:09 193] isr        1547 ASR_MSG_AUW,   cloud  
[2023/10/19 23:23:09 194] isr        1559 6400  2  
[2023/10/19 23:23:09 392] isr        1547 ASR_MSG_AUW,   cloud  
[2023/10/19 23:23:09 392] isr        1559 6400  2  
[2023/10/19 23:23:09 595] isr        1547 ASR_MSG_AUW,   cloud  
[2023/10/19 23:23:09 595] isr        1559 6400  2  
[2023/10/19 23:23:09 792] isr        1547 ASR_MSG_AUW,   cloud  
[2023/10/19 23:23:09 792] isr        1559 6400  2  
[2023/10/19 23:23:09 864] isr        1547 ASR_MSG_AUW,   cloud  
[2023/10/19 23:23:09 865] isr        1559 2178  2  
[2023/10/19 23:23:09 869] isr        1547 ASR_MSG_AUW,   cloud  
[2023/10/19 23:23:09 869] isr        1559 0  4  
[2023/10/19 23:23:09 869] isr        1592 aud end, USER  
[2023/10/19 23:23:09 887] isr        854  [aud] speech end  
[2023/10/19 23:23:09 888] isr        798  3  msc  
[2023/10/19 23:23:09 891] isr        707  cloud_status_cb, start local.  
[2023/10/19 23:23:09 891] isr        1636 ASR_MSG_GRSLT,   cloud  
[2023/10/19 23:23:09 891] isr        1335 0  nil  2  
[2023/10/19 23:23:10 002] isr        1636 ASR_MSG_GRSLT,   cloud  
[2023/10/19 23:23:10 002] isr        1335 0  nil  2  
[2023/10/19 23:23:10 111] isr        1636 ASR_MSG_GRSLT,   cloud  
[2023/10/19 23:23:10 111] isr        1335 0  nil  2  
[2023/10/19 23:23:10 223] isr        1636 ASR_MSG_GRSLT,   cloud  
[2023/10/19 23:23:10 223] isr        1335 0  nil  2  
[2023/10/19 23:23:10 332] isr        1636 ASR_MSG_GRSLT,   cloud  
[2023/10/19 23:23:10 332] isr        1335 0  nil  2  
[2023/10/19 23:23:10 443] isr        1636 ASR_MSG_GRSLT,   cloud  
[2023/10/19 23:23:10 443] isr        1335 0  nil  2  
[2023/10/19 23:23:10 551] isr        1636 ASR_MSG_GRSLT,   cloud  
[2023/10/19 23:23:10 551] isr        1335 0  nil  2  
[2023/10/19 23:23:10 661] isr        1636 ASR_MSG_GRSLT,   cloud  
[2023/10/19 23:23:10 663] isr        1335 0  nil  2  
[2023/10/19 23:23:10 769] isr        1636 ASR_MSG_GRSLT,   cloud  
[2023/10/19 23:23:10 769] isr        1335 0  nil  2  
[2023/10/19 23:23:10 877] isr        1636 ASR_MSG_GRSLT,   cloud  
[2023/10/19 23:23:10 878] isr        1335 0  nil  2  
[2023/10/19 23:23:10 986] isr        1636 ASR_MSG_GRSLT,   cloud  
[2023/10/19 23:23:10 986] isr        1335 0  nil  2  
[2023/10/19 23:23:11 095] isr        1636 ASR_MSG_GRSLT,   cloud  
[2023/10/19 23:23:11 095] isr        1335 0  nil  2  
[2023/10/19 23:23:11 206] isr        1636 ASR_MSG_GRSLT,   cloud  
[2023/10/19 23:23:11 206] isr        1335 0  nil  2  
[2023/10/19 23:23:11 311] isr        1636 ASR_MSG_GRSLT,   cloud  
[2023/10/19 23:23:11 311] isr        1335 0  nil  2  
[2023/10/19 23:23:11 421] isr        1636 ASR_MSG_GRSLT,   cloud  
[2023/10/19 23:23:11 421] isr        1335 0  nil  2  
[2023/10/19 23:23:11 532] isr        1636 ASR_MSG_GRSLT,   cloud  
[2023/10/19 23:23:11 532] isr        1335 0  nil  2  
[2023/10/19 23:23:11 641] isr        1636 ASR_MSG_GRSLT,   cloud  
[2023/10/19 23:23:11 641] isr        1335 0  nil  2  
[2023/10/19 23:23:11 750] isr        1636 ASR_MSG_GRSLT,   cloud  
[2023/10/19 23:23:11 752] isr        1335 0  nil  2  
[2023/10/19 23:23:11 861] isr        1636 ASR_MSG_GRSLT,   cloud  
[2023/10/19 23:23:11 861] isr        1335 0  nil  2  
[2023/10/19 23:23:11 970] isr        1636 ASR_MSG_GRSLT,   cloud  
[2023/10/19 23:23:11 970] isr        1335 0  nil  2  
[2023/10/19 23:23:12 079] isr        1636 ASR_MSG_GRSLT,   cloud  
[2023/10/19 23:23:12 081] isr        1335 0  nil  2  
[2023/10/19 23:23:12 188] isr        1636 ASR_MSG_GRSLT,   cloud  
[2023/10/19 23:23:12 188] isr        1335 0  nil  2  
[2023/10/19 23:23:12 298] isr        1636 ASR_MSG_GRSLT,   cloud  
[2023/10/19 23:23:12 299] isr        1335 0  nil  2  
[2023/10/19 23:23:12 407] isr        1636 ASR_MSG_GRSLT,   cloud  
[2023/10/19 23:23:12 407] isr        1335 0  nil  2  
[2023/10/19 23:23:12 517] isr        1636 ASR_MSG_GRSLT,   cloud  
[2023/10/19 23:23:12 517] isr        1335 0  nil  2  
[2023/10/19 23:23:12 627] isr        1636 ASR_MSG_GRSLT,   cloud  
[2023/10/19 23:23:12 627] isr        1335 0  nil  2  
[2023/10/19 23:23:12 736] isr        1636 ASR_MSG_GRSLT,   cloud  
[2023/10/19 23:23:12 736] isr        1335 0  nil  2  
[2023/10/19 23:23:12 845] isr        1636 ASR_MSG_GRSLT,   cloud  
[2023/10/19 23:23:12 845] isr        1335 0  nil  2  
[2023/10/19 23:23:12 956] isr        1636 ASR_MSG_GRSLT,   cloud  
[2023/10/19 23:23:12 956] isr        1335 0  nil  2  
[2023/10/19 23:23:13 065] isr        1636 ASR_MSG_GRSLT,   cloud  
[2023/10/19 23:23:13 065] isr        1335 0  nil  2  
[2023/10/19 23:23:13 176] isr        1636 ASR_MSG_GRSLT,   cloud  
[2023/10/19 23:23:13 176] isr        1335 0  nil  2  
[2023/10/19 23:23:13 286] isr        1636 ASR_MSG_GRSLT,   cloud  
[2023/10/19 23:23:13 286] isr        1335 0  nil  2  
[2023/10/19 23:23:13 400] isr        1636 ASR_MSG_GRSLT,   cloud  
[2023/10/19 23:23:13 400] isr        1335 0  nil  2  
[2023/10/19 23:23:13 509] isr        1636 ASR_MSG_GRSLT,   cloud  
[2023/10/19 23:23:13 509] isr        1335 0  nil  2  
[2023/10/19 23:23:13 619] isr        1636 ASR_MSG_GRSLT,   cloud  
[2023/10/19 23:23:13 621] isr        1335 0  nil  2  
[2023/10/19 23:23:13 730] isr        1636 ASR_MSG_GRSLT,   cloud  
[2023/10/19 23:23:13 730] isr        1335 0  nil  2  
[2023/10/19 23:23:13 839] isr        1636 ASR_MSG_GRSLT,   cloud  
[2023/10/19 23:23:13 841] isr        1335 0  nil  2  
[2023/10/19 23:23:13 953] isr        1636 ASR_MSG_GRSLT,   cloud  
[2023/10/19 23:23:13 953] isr        1335 0  nil  2  
[2023/10/19 23:23:14 062] isr        1636 ASR_MSG_GRSLT,   cloud  
[2023/10/19 23:23:14 062] isr        1335 0  nil  2  
[2023/10/19 23:23:14 171] isr        1636 ASR_MSG_GRSLT,   cloud  
[2023/10/19 23:23:14 171] isr        1335 0  nil  2  
[2023/10/19 23:23:14 282] isr        1636 ASR_MSG_GRSLT,   cloud  
[2023/10/19 23:23:14 282] isr        1335 0  nil  2  
[2023/10/19 23:23:14 390] isr        1636 ASR_MSG_GRSLT,   cloud  
[2023/10/19 23:23:14 390] isr        1335 0  nil  2  
[2023/10/19 23:23:14 500] isr        1636 ASR_MSG_GRSLT,   cloud  
[2023/10/19 23:23:14 502] isr        1335 0  nil  2  
[2023/10/19 23:23:14 611] isr        1636 ASR_MSG_GRSLT,   cloud  
[2023/10/19 23:23:14 611] isr        1335 0  nil  2  
[2023/10/19 23:23:14 723] isr        1636 ASR_MSG_GRSLT,   cloud  
[2023/10/19 23:23:14 723] isr        1335 0  nil  2  
[2023/10/19 23:23:14 834] isr        1636 ASR_MSG_GRSLT,   cloud  
[2023/10/19 23:23:14 835] isr        1335 0  nil  2  
[2023/10/19 23:23:14 943] isr        1636 ASR_MSG_GRSLT,   cloud  
[2023/10/19 23:23:14 944] isr        1335 0  nil  2  
[2023/10/19 23:23:15 051] isr        1636 ASR_MSG_GRSLT,   cloud  
[2023/10/19 23:23:15 051] isr        1335 0  nil  2  
[2023/10/19 23:23:15 161] isr        1636 ASR_MSG_GRSLT,   cloud  
[2023/10/19 23:23:15 161] isr        1335 0  nil  2  
[2023/10/19 23:23:15 270] isr        1636 ASR_MSG_GRSLT,   cloud  
[2023/10/19 23:23:15 270] isr        1335 0  nil  2  
[2023/10/19 23:23:15 378] isr        1636 ASR_MSG_GRSLT,   cloud  
[2023/10/19 23:23:15 378] isr        1335 0  nil  2  
[2023/10/19 23:23:15 487] isr        1636 ASR_MSG_GRSLT,   cloud  
[2023/10/19 23:23:15 487] isr        1335 0  nil  2  
[2023/10/19 23:23:15 602] isr        1636 ASR_MSG_GRSLT,   cloud  
[2023/10/19 23:23:15 602] isr        1335 0  nil  2  
[2023/10/19 23:23:15 707] isr        1636 ASR_MSG_GRSLT,   cloud  
[2023/10/19 23:23:15 707] isr        1335 0  nil  2  
[2023/10/19 23:23:15 819] isr        1636 ASR_MSG_GRSLT,   cloud  
[2023/10/19 23:23:15 819] isr        1335 0  nil  2  
[2023/10/19 23:23:15 928] isr        1636 ASR_MSG_GRSLT,   cloud  
[2023/10/19 23:23:15 930] isr        1335 0  nil  2  
[2023/10/19 23:23:16 040] isr        1636 ASR_MSG_GRSLT,   cloud  
[2023/10/19 23:23:16 040] isr        1335 0  nil  2  
[2023/10/19 23:23:16 148] isr        1636 ASR_MSG_GRSLT,   cloud  
[2023/10/19 23:23:16 148] isr        1335 0  nil  2  
[2023/10/19 23:23:16 259] isr        1636 ASR_MSG_GRSLT,   cloud  
[2023/10/19 23:23:16 259] isr        1335 0  nil  2  
[2023/10/19 23:23:16 371] isr        1636 ASR_MSG_GRSLT,   cloud  
[2023/10/19 23:23:16 371] isr        1335 0  nil  2  
[2023/10/19 23:23:16 482] isr        1636 ASR_MSG_GRSLT,   cloud  
[2023/10/19 23:23:16 483] isr        1335 0  nil  2  
[2023/10/19 23:23:16 595] isr        1636 ASR_MSG_GRSLT,   cloud  
[2023/10/19 23:23:16 595] isr        1335 0  nil  2  
[2023/10/19 23:23:16 701] isr        1636 ASR_MSG_GRSLT,   cloud  
[2023/10/19 23:23:16 701] isr        1335 0  nil  2  
[2023/10/19 23:23:16 812] isr        1636 ASR_MSG_GRSLT,   cloud  
[2023/10/19 23:23:16 812] isr        1335 0  nil  2  
[2023/10/19 23:23:16 923] isr        1636 ASR_MSG_GRSLT,   cloud  
[2023/10/19 23:23:16 923] isr        1335 0  nil  2  
[2023/10/19 23:23:17 032] isr        1636 ASR_MSG_GRSLT,   cloud  
[2023/10/19 23:23:17 032] isr        1335 0  nil  2  
[2023/10/19 23:23:17 144] isr        1636 ASR_MSG_GRSLT,   cloud  
[2023/10/19 23:23:17 144] isr        1335 0  nil  2  
[2023/10/19 23:23:17 257] isr        1636 ASR_MSG_GRSLT,   cloud  
[2023/10/19 23:23:17 257] isr        1335 0  nil  2  
[2023/10/19 23:23:17 367] isr        1636 ASR_MSG_GRSLT,   cloud  
[2023/10/19 23:23:17 367] isr        1335 0  nil  2  
[2023/10/19 23:23:17 476] isr        1636 ASR_MSG_GRSLT,   cloud  
[2023/10/19 23:23:17 476] isr        1335 0  nil  2  
[2023/10/19 23:23:17 585] isr        1636 ASR_MSG_GRSLT,   cloud  
[2023/10/19 23:23:17 585] isr        1335 0  nil  2  
[2023/10/19 23:23:17 696] isr        1636 ASR_MSG_GRSLT,   cloud  
[2023/10/19 23:23:17 696] isr        1335 0  nil  2  
[2023/10/19 23:23:17 802] isr        1636 ASR_MSG_GRSLT,   cloud  
[2023/10/19 23:23:17 805] isr        1335 0  nil  2  
[2023/10/19 23:23:17 911] isr        1636 ASR_MSG_GRSLT,   cloud  
[2023/10/19 23:23:17 913] isr        1335 0  nil  2  
[2023/10/19 23:23:18 020] isr        1636 ASR_MSG_GRSLT,   cloud  
[2023/10/19 23:23:18 020] isr        1335 0  nil  2  
[2023/10/19 23:23:18 130] isr        1636 ASR_MSG_GRSLT,   cloud  
[2023/10/19 23:23:18 131] isr        1335 0  nil  2  
[2023/10/19 23:23:18 240] isr        1636 ASR_MSG_GRSLT,   cloud  
[2023/10/19 23:23:18 240] isr        1335 0  nil  2  
[2023/10/19 23:23:18 351] isr        1636 ASR_MSG_GRSLT,   cloud  
[2023/10/19 23:23:18 351] isr        1335 0  nil  2  
[2023/10/19 23:23:18 459] isr        1636 ASR_MSG_GRSLT,   cloud  
[2023/10/19 23:23:18 459] isr        1335 0  nil  2  
[2023/10/19 23:23:18 568] isr        1636 ASR_MSG_GRSLT,   cloud  
[2023/10/19 23:23:18 568] isr        1335 0  nil  2  
[2023/10/19 23:23:18 681] isr        1636 ASR_MSG_GRSLT,   cloud  
[2023/10/19 23:23:18 681] isr        1335 0  nil  2  
[2023/10/19 23:23:18 788] isr        1636 ASR_MSG_GRSLT,   cloud  
[2023/10/19 23:23:18 788] isr        1335 0  nil  2  
[2023/10/19 23:23:18 897] isr        1636 ASR_MSG_GRSLT,   cloud  
[2023/10/19 23:23:18 897] isr        1335 0  nil  2  
[2023/10/19 23:23:19 009] isr        1636 ASR_MSG_GRSLT,   cloud  
[2023/10/19 23:23:19 009] isr        1335 0  nil  2  
[2023/10/19 23:23:19 118] isr        1636 ASR_MSG_GRSLT,   cloud  
[2023/10/19 23:23:19 118] isr        1335 0  nil  2  
============================================================
Time  2023/10/20 08:33:23 155 
============================================================
[2023/10/20 08:33:23 155] isr        1659 isr loaded!  
[2023/10/20 08:33:23 155] isr        1642 SYS_MSG_REGCB param0 =   msp_status_cb  param1 =   func(d27e1d40) 
[2023/10/20 08:33:23 155] isr        1537 ASR_MSG_SSB  
[2023/10/20 08:33:23 155] isr        1066 session_begin() [in], params:   sub = iat, domain = iat, language = zh_cn, accent = mandarin, sample_rate = 16000, result_type = plain, result_encoding = gb2312Íýýýý  nil  
[2023/10/20 08:33:23 155] isr        927  vad_set [in]  
[2023/10/20 08:33:23 155] isr        962  vad_enable :  true  
[2023/10/20 08:33:23 155] isr        980  vad_bos :  10000  
[2023/10/20 08:33:23 155] isr        981  vad_eos :  2000  
[2023/10/20 08:33:23 155] isr        886  enable_vad [in]  
[2023/10/20 08:33:23 171] isr        918  vad enabled!  2000  10000  
[2023/10/20 08:33:23 171] isr        921  enable_vad [out]  
[2023/10/20 08:33:23 171] isr        987  vad_set [out] | ret =  0  
[2023/10/20 08:33:23 171] isr        1187 cur_engine_type =   cloud  
[2023/10/20 08:33:23 171] isr        1001 cloud_session_begin  
[2023/10/20 08:33:23 171] isr        1013 unknown  
[2023/10/20 08:33:23 171] isr        1547 ASR_MSG_AUW,   cloud  
[2023/10/20 08:33:23 171] isr        1559 6400  1  
[2023/10/20 08:33:23 171] isr        1569 once_bytes:   6400  
[2023/10/20 08:33:23 171] isr        1547 ASR_MSG_AUW,   cloud  
[2023/10/20 08:33:23 171] isr        1559 6400  2  
[2023/10/20 08:33:23 171] isr        1547 ASR_MSG_AUW,   cloud  
[2023/10/20 08:33:23 171] isr        1559 6400  2  
[2023/10/20 08:33:23 171] isr        1547 ASR_MSG_AUW,   cloud  
[2023/10/20 08:33:23 171] isr        1559 6400  2  
[2023/10/20 08:33:23 171] isr        1547 ASR_MSG_AUW,   cloud  
[2023/10/20 08:33:23 171] isr        1559 6400  2  
[2023/10/20 08:33:23 187] isr        851  [aud] speech start  
[2023/10/20 08:33:23 187] isr        798  1  msc  
[2023/10/20 08:33:23 187] isr        1547 ASR_MSG_AUW,   cloud  
[2023/10/20 08:33:23 187] isr        1559 6400  2  
[2023/10/20 08:33:23 193] isr        1547 ASR_MSG_AUW,   cloud  
[2023/10/20 08:33:23 193] isr        1559 6400  2  
[2023/10/20 08:33:23 193] isr        1547 ASR_MSG_AUW,   cloud  
[2023/10/20 08:33:23 193] isr        1559 6400  2  
[2023/10/20 08:33:23 193] isr        1547 ASR_MSG_AUW,   cloud  
[2023/10/20 08:33:23 193] isr        1559 6400  2  
[2023/10/20 08:33:23 193] isr        1547 ASR_MSG_AUW,   cloud  
[2023/10/20 08:33:23 193] isr        1559 6400  2  
[2023/10/20 08:33:23 193] isr        1547 ASR_MSG_AUW,   cloud  
[2023/10/20 08:33:23 193] isr        1559 6400  2  
[2023/10/20 08:33:23 203] isr        1547 ASR_MSG_AUW,   cloud  
[2023/10/20 08:33:23 203] isr        1559 6400  2  
[2023/10/20 08:33:23 203] isr        1547 ASR_MSG_AUW,   cloud  
[2023/10/20 08:33:23 203] isr        1559 6400  2  
[2023/10/20 08:33:23 203] isr        1547 ASR_MSG_AUW,   cloud  
[2023/10/20 08:33:23 203] isr        1559 6400  2  
[2023/10/20 08:33:23 203] isr        1547 ASR_MSG_AUW,   cloud  
[2023/10/20 08:33:23 203] isr        1559 6400  2  
[2023/10/20 08:33:23 203] isr        1547 ASR_MSG_AUW,   cloud  
[2023/10/20 08:33:23 203] isr        1559 6400  2  
[2023/10/20 08:33:23 203] isr        1547 ASR_MSG_AUW,   cloud  
[2023/10/20 08:33:23 203] isr        1559 6400  2  
[2023/10/20 08:33:23 219] isr        1547 ASR_MSG_AUW,   cloud  
[2023/10/20 08:33:23 219] isr        1559 6400  2  
[2023/10/20 08:33:23 219] isr        1547 ASR_MSG_AUW,   cloud  
[2023/10/20 08:33:23 219] isr        1559 6400  2  
[2023/10/20 08:33:23 219] isr        1547 ASR_MSG_AUW,   cloud  
[2023/10/20 08:33:23 219] isr        1559 6400  2  
[2023/10/20 08:33:23 219] isr        1547 ASR_MSG_AUW,   cloud  
[2023/10/20 08:33:23 219] isr        1559 6400  2  
[2023/10/20 08:33:23 219] isr        1547 ASR_MSG_AUW,   cloud  
[2023/10/20 08:33:23 219] isr        1559 6400  2  
[2023/10/20 08:33:23 233] isr        1547 ASR_MSG_AUW,   cloud  
[2023/10/20 08:33:23 233] isr        1559 7420  2  
[2023/10/20 08:33:23 233] isr        1547 ASR_MSG_AUW,   cloud  
[2023/10/20 08:33:23 233] isr        1559 0  4  
[2023/10/20 08:33:23 233] isr        1592 aud end, USER  
[2023/10/20 08:33:23 233] isr        854  [aud] speech end  
[2023/10/20 08:33:23 233] isr        798  3  msc  
[2023/10/20 08:33:23 250] isr        1636 ASR_MSG_GRSLT,   cloud  
[2023/10/20 08:33:23 250] isr        1335 0  nil  2  
[2023/10/20 08:33:23 257] isr        707  cloud_status_cb, start local.  
[2023/10/20 08:33:23 357] isr        1636 ASR_MSG_GRSLT,   cloud  
[2023/10/20 08:33:23 357] isr        1335 0  nil  2  
[2023/10/20 08:33:23 467] isr        1636 ASR_MSG_GRSLT,   cloud  
[2023/10/20 08:33:23 467] isr        1335 0  nil  2  
[2023/10/20 08:33:23 572] isr        1636 ASR_MSG_GRSLT,   cloud  
[2023/10/20 08:33:23 572] isr        1335 0  nil  2  
[2023/10/20 08:33:23 681] isr        1636 ASR_MSG_GRSLT,   cloud  
[2023/10/20 08:33:23 681] isr        1335 0  nil  2  
[2023/10/20 08:33:23 790] isr        1636 ASR_MSG_GRSLT,   cloud  
[2023/10/20 08:33:23 790] isr        1335 0  nil  2  
[2023/10/20 08:33:23 806] isr        700  cloud_status_cb, eps:  3  
[2023/10/20 08:33:23 806] isr        798  3  cloud  
[2023/10/20 08:33:23 806] isr        800  already speech end  
[2023/10/20 08:33:23 806] isr        662  cloud_rslt_cb status =   5  
[2023/10/20 08:33:23 806] isr        641  process_result call:  cloud  udata(d3051218) 5  nil  
[2023/10/20 08:33:23 806] isr        798  3  msc  
[2023/10/20 08:33:23 806] isr        800  already speech end  
[2023/10/20 08:33:23 897] isr        1636 ASR_MSG_GRSLT,   cloud  
[2023/10/20 08:33:23 897] isr        1335 0  udata(d3051218) 5  
[2023/10/20 08:33:24 006] isr        1639 ASR_MSG_SSE,   cloud  
[2023/10/20 08:33:24 006] isr        1356 session_end() [in]  
[2023/10/20 08:33:24 006] isr        1421 cloud_session_end() [in]  
[2023/10/20 08:33:24 006] isr        1488 ns_host=  open.xf-yun.com  
[2023/10/20 08:33:24 006] isr        1498 tick()mod=  476021765  
[2023/10/20 08:33:24 006] isr        1499 tick()=  476021765  
[2023/10/20 08:33:24 006] isr        1501 diff=  484  
[2023/10/20 08:33:24 006] isr        1514 cloud_session_end() [out]  
[2023/10/20 08:33:24 006] isr        1667 isr unload!  
============================================================
Time  2023/10/20 09:40:44 075 
============================================================
[2023/10/20 09:40:44 075] isr        1659 isr loaded!  
[2023/10/20 09:40:44 075] isr        1642 SYS_MSG_REGCB param0 =   msp_status_cb  param1 =   func(2961690) 
[2023/10/20 09:40:44 075] isr        1537 ASR_MSG_SSB  
[2023/10/20 09:40:44 075] isr        1066 session_begin() [in], params:   sub = iat, domain = iat, language = zh_cn, accent = mandarin, sample_rate = 16000, result_type = plain, result_encoding = gb2312  nil  
[2023/10/20 09:40:44 075] isr        927  vad_set [in]  
[2023/10/20 09:40:44 075] isr        962  vad_enable :  true  
[2023/10/20 09:40:44 075] isr        980  vad_bos :  10000  
[2023/10/20 09:40:44 075] isr        981  vad_eos :  2000  
[2023/10/20 09:40:44 075] isr        886  enable_vad [in]  
[2023/10/20 09:40:44 075] isr        918  vad enabled!  2000  10000  
[2023/10/20 09:40:44 075] isr        921  enable_vad [out]  
[2023/10/20 09:40:44 075] isr        987  vad_set [out] | ret =  0  
[2023/10/20 09:40:44 075] isr        1187 cur_engine_type =   cloud  
[2023/10/20 09:40:44 075] isr        1001 cloud_session_begin  
[2023/10/20 09:40:44 075] isr        1013 unknown  
[2023/10/20 09:40:44 089] isr        1547 ASR_MSG_AUW,   cloud  
[2023/10/20 09:40:44 089] isr        1559 6400  1  
[2023/10/20 09:40:44 089] isr        1569 once_bytes:   6400  
[2023/10/20 09:40:44 091] isr        851  [aud] speech start  
[2023/10/20 09:40:44 091] isr        798  1  msc  
[2023/10/20 09:40:44 321] isr        1547 ASR_MSG_AUW,   cloud  
[2023/10/20 09:40:44 321] isr        1559 6400  2  
[2023/10/20 09:40:44 535] isr        1547 ASR_MSG_AUW,   cloud  
[2023/10/20 09:40:44 535] isr        1559 6400  2  
[2023/10/20 09:40:44 536] isr        700  cloud_status_cb, eps:  1  
[2023/10/20 09:40:44 536] isr        798  1  cloud  
[2023/10/20 09:40:44 536] isr        813  cloud eps ignored  
[2023/10/20 09:40:44 737] isr        1547 ASR_MSG_AUW,   cloud  
[2023/10/20 09:40:44 737] isr        1559 6400  2  
[2023/10/20 09:40:44 953] isr        1547 ASR_MSG_AUW,   cloud  
[2023/10/20 09:40:44 953] isr        1559 6400  2  
[2023/10/20 09:40:45 154] isr        1547 ASR_MSG_AUW,   cloud  
[2023/10/20 09:40:45 154] isr        1559 6400  2  
[2023/10/20 09:40:45 355] isr        1547 ASR_MSG_AUW,   cloud  
[2023/10/20 09:40:45 355] isr        1559 6400  2  
[2023/10/20 09:40:45 559] isr        1547 ASR_MSG_AUW,   cloud  
[2023/10/20 09:40:45 561] isr        1559 6400  2  
[2023/10/20 09:40:45 766] isr        1547 ASR_MSG_AUW,   cloud  
[2023/10/20 09:40:45 766] isr        1559 6400  2  
[2023/10/20 09:40:45 987] isr        1547 ASR_MSG_AUW,   cloud  
[2023/10/20 09:40:45 987] isr        1559 6400  2  
[2023/10/20 09:40:46 193] isr        1547 ASR_MSG_AUW,   cloud  
[2023/10/20 09:40:46 193] isr        1559 6400  2  
[2023/10/20 09:40:46 394] isr        1547 ASR_MSG_AUW,   cloud  
[2023/10/20 09:40:46 394] isr        1559 6400  2  
[2023/10/20 09:40:46 598] isr        1547 ASR_MSG_AUW,   cloud  
[2023/10/20 09:40:46 598] isr        1559 6400  2  
[2023/10/20 09:40:46 813] isr        1547 ASR_MSG_AUW,   cloud  
[2023/10/20 09:40:46 813] isr        1559 6400  2  
[2023/10/20 09:40:47 029] isr        1547 ASR_MSG_AUW,   cloud  
[2023/10/20 09:40:47 029] isr        1559 6400  2  
[2023/10/20 09:40:47 236] isr        1547 ASR_MSG_AUW,   cloud  
[2023/10/20 09:40:47 237] isr        1559 6400  2  
[2023/10/20 09:40:47 447] isr        1547 ASR_MSG_AUW,   cloud  
[2023/10/20 09:40:47 447] isr        1559 6400  2  
[2023/10/20 09:40:47 653] isr        1547 ASR_MSG_AUW,   cloud  
[2023/10/20 09:40:47 653] isr        1559 6400  2  
[2023/10/20 09:40:47 858] isr        1547 ASR_MSG_AUW,   cloud  
[2023/10/20 09:40:47 858] isr        1559 6400  2  
[2023/10/20 09:40:48 063] isr        1547 ASR_MSG_AUW,   cloud  
[2023/10/20 09:40:48 063] isr        1559 6400  2  
[2023/10/20 09:40:48 263] isr        1547 ASR_MSG_AUW,   cloud  
[2023/10/20 09:40:48 263] isr        1559 6400  2  
[2023/10/20 09:40:48 480] isr        1547 ASR_MSG_AUW,   cloud  
[2023/10/20 09:40:48 480] isr        1559 6400  2  
[2023/10/20 09:40:48 681] isr        1547 ASR_MSG_AUW,   cloud  
[2023/10/20 09:40:48 681] isr        1559 7420  2  
[2023/10/20 09:40:48 802] isr        662  cloud_rslt_cb status =   0  
[2023/10/20 09:40:48 802] isr        641  process_result call:  cloud  udata(320a2c8) 0  nil  
[2023/10/20 09:40:48 898] isr        1547 ASR_MSG_AUW,   cloud  
[2023/10/20 09:40:48 898] isr        1559 0  4  
[2023/10/20 09:40:48 898] isr        1592 aud end, USER  
[2023/10/20 09:40:48 898] isr        1636 ASR_MSG_GRSLT,   cloud  
[2023/10/20 09:40:48 898] isr        1335 0  udata(320a2c8) 0  
[2023/10/20 09:40:48 898] isr        854  [aud] speech end  
[2023/10/20 09:40:48 898] isr        798  3  msc  
[2023/10/20 09:40:48 987] isr        700  cloud_status_cb, eps:  3  
[2023/10/20 09:40:48 987] isr        798  3  cloud  
[2023/10/20 09:40:48 987] isr        800  already speech end  
[2023/10/20 09:40:49 017] isr        662  cloud_rslt_cb status =   5  
[2023/10/20 09:40:49 019] isr        641  process_result call:  cloud  udata(3209828) 5  nil  
[2023/10/20 09:40:49 019] isr        798  3  msc  
[2023/10/20 09:40:49 019] isr        800  already speech end  
[2023/10/20 09:40:49 068] isr        1636 ASR_MSG_GRSLT,   cloud  
[2023/10/20 09:40:49 068] isr        1335 0  udata(3209828) 5  
[2023/10/20 09:40:49 221] isr        1639 ASR_MSG_SSE,   cloud  
[2023/10/20 09:40:49 221] isr        1356 session_end() [in]  
[2023/10/20 09:40:49 221] isr        1421 cloud_session_end() [in]  
[2023/10/20 09:40:49 221] isr        1488 ns_host=  open.xf-yun.com  
[2023/10/20 09:40:49 221] isr        1498 tick()mod=  480066984  
[2023/10/20 09:40:49 221] isr        1499 tick()=  480066984  
[2023/10/20 09:40:49 221] isr        1501 diff=  4750  
[2023/10/20 09:40:49 221] isr        1514 cloud_session_end() [out]  
[2023/10/20 09:40:49 221] isr        1667 isr unload!  
